TN:
SF:src/features/app/AppLayout.tsx
FN:7,AppLayout
FN:13,(anonymous_1)
FN:21,(anonymous_2)
FNF:3
FNH:0
FNDA:0,AppLayout
FNDA:0,(anonymous_1)
FNDA:0,(anonymous_2)
DA:8,0
DA:9,0
DA:11,0
DA:13,0
DA:21,0
LF:5
LH:0
BRF:0
BRH:0
end_of_record
TN:
SF:src/features/app/DashboardPage.tsx
FN:10,DashboardPage
FN:103,(anonymous_1)
FN:138,MetricCard
FN:147,formatCurrency
FN:156,formatDate
FNF:5
FNH:0
FNDA:0,DashboardPage
FNDA:0,(anonymous_1)
FNDA:0,MetricCard
FNDA:0,formatCurrency
FNDA:0,formatDate
DA:11,0
DA:12,0
DA:13,0
DA:14,0
DA:16,0
DA:17,0
DA:42,0
DA:104,0
DA:139,0
DA:148,0
DA:157,0
LF:11
LH:0
BRDA:13,0,0,0
BRDA:13,0,1,0
BRDA:16,1,0,0
BRDA:16,1,1,0
BRDA:49,2,0,0
BRDA:49,2,1,0
BRDA:53,3,0,0
BRDA:53,3,1,0
BRDA:62,4,0,0
BRDA:62,4,1,0
BRDA:62,4,2,0
BRDA:76,5,0,0
BRDA:76,5,1,0
BRDA:89,6,0,0
BRDA:89,6,1,0
BRDA:114,7,0,0
BRDA:114,7,1,0
BRDA:114,8,0,0
BRDA:114,8,1,0
BRDA:122,9,0,0
BRDA:122,9,1,0
BRDA:125,10,0,0
BRDA:125,10,1,0
BRDA:125,11,0,0
BRDA:125,11,1,0
BRF:25
BRH:0
end_of_record
TN:
SF:src/features/app/PrintableQR.tsx
FN:8,PrintableQR
FN:14,(anonymous_1)
FN:18,(anonymous_2)
FN:20,(anonymous_3)
FNF:4
FNH:0
FNDA:0,PrintableQR
FNDA:0,(anonymous_1)
FNDA:0,(anonymous_2)
FNDA:0,(anonymous_3)
DA:9,0
DA:10,0
DA:11,0
DA:12,0
DA:14,0
DA:15,0
DA:18,0
DA:19,0
DA:20,0
DA:24,0
DA:25,0
DA:32,0
DA:33,0
DA:45,0
DA:47,0
LF:15
LH:0
BRDA:19,0,0,0
BRDA:19,0,1,0
BRDA:19,1,0,0
BRDA:19,1,1,0
BRDA:19,1,2,0
BRDA:24,2,0,0
BRDA:24,2,1,0
BRDA:32,3,0,0
BRDA:32,3,1,0
BRDA:32,4,0,0
BRDA:32,4,1,0
BRDA:37,5,0,0
BRDA:37,5,1,0
BRDA:81,6,0,0
BRDA:81,6,1,0
BRF:15
BRH:0
end_of_record
TN:
SF:src/features/app/QRCodeSection.tsx
FN:14,QRCodeSection
FN:18,(anonymous_1)
FN:21,(anonymous_2)
FN:26,handleDownloadPng
FN:35,handleOpenPrint
FN:103,DownloadIcon
FN:113,PrintIcon
FN:123,WhatsAppIcon
FNF:8
FNH:0
FNDA:0,QRCodeSection
FNDA:0,(anonymous_1)
FNDA:0,(anonymous_2)
FNDA:0,handleDownloadPng
FNDA:0,handleOpenPrint
FNDA:0,DownloadIcon
FNDA:0,PrintIcon
FNDA:0,WhatsAppIcon
DA:15,0
DA:16,0
DA:18,0
DA:19,0
DA:22,0
DA:27,0
DA:28,0
DA:29,0
DA:31,0
DA:36,0
DA:43,0
DA:47,0
DA:104,0
DA:114,0
DA:124,0
LF:15
LH:0
BRDA:56,0,0,0
BRDA:56,0,1,0
BRF:2
BRH:0
end_of_record
TN:
SF:src/features/app/SettingsPage.tsx
FN:15,SettingsPage
FN:24,(anonymous_1)
FN:25,load
FN:43,handleSave
FN:124,(anonymous_4)
FN:183,ToggleField
FN:209,(anonymous_6)
FNF:7
FNH:0
FNDA:0,SettingsPage
FNDA:0,(anonymous_1)
FNDA:0,load
FNDA:0,handleSave
FNDA:0,(anonymous_4)
FNDA:0,ToggleField
FNDA:0,(anonymous_6)
DA:16,0
DA:17,0
DA:18,0
DA:19,0
DA:20,0
DA:21,0
DA:22,0
DA:24,0
DA:26,0
DA:27,0
DA:28,0
DA:29,0
DA:30,0
DA:31,0
DA:32,0
DA:37,0
DA:40,0
DA:44,0
DA:45,0
DA:46,0
DA:47,0
DA:55,0
DA:56,0
DA:58,0
DA:68,0
DA:75,0
DA:79,0
DA:83,0
DA:124,0
DA:196,0
DA:209,0
LF:31
LH:0
BRDA:28,0,0,0
BRDA:28,0,1,0
BRDA:30,1,0,0
BRDA:30,1,1,0
BRDA:55,2,0,0
BRDA:55,2,1,0
BRDA:79,3,0,0
BRDA:79,3,1,0
BRDA:108,4,0,0
BRDA:108,4,1,0
BRDA:128,5,0,0
BRDA:128,5,1,0
BRDA:160,6,0,0
BRDA:160,6,1,0
BRDA:164,7,0,0
BRDA:164,7,1,0
BRDA:167,8,0,0
BRDA:167,8,1,0
BRDA:211,9,0,0
BRDA:211,9,1,0
BRDA:216,10,0,0
BRDA:216,10,1,0
BRF:22
BRH:0
end_of_record
TN:
SF:src/features/app/Sidebar.tsx
FN:19,Sidebar
FN:24,(anonymous_1)
FN:29,(anonymous_2)
FN:34,(anonymous_3)
FN:57,(anonymous_4)
FN:72,(anonymous_5)
FN:119,GridIcon
FN:139,TrophyIcon
FN:161,PlusIcon
FN:179,GearIcon
FN:197,ExitIcon
FNF:11
FNH:0
FNDA:0,Sidebar
FNDA:0,(anonymous_1)
FNDA:0,(anonymous_2)
FNDA:0,(anonymous_3)
FNDA:0,(anonymous_4)
FNDA:0,(anonymous_5)
FNDA:0,GridIcon
FNDA:0,TrophyIcon
FNDA:0,PlusIcon
FNDA:0,GearIcon
FNDA:0,ExitIcon
DA:9,0
DA:15,0
DA:20,0
DA:21,0
DA:22,0
DA:24,0
DA:25,0
DA:26,0
DA:29,0
DA:30,0
DA:31,0
DA:34,0
DA:35,0
DA:43,0
DA:58,0
DA:73,0
DA:94,0
DA:120,0
DA:140,0
DA:162,0
DA:180,0
DA:198,0
LF:22
LH:0
BRDA:25,0,0,0
BRDA:25,0,1,0
BRDA:37,1,0,0
BRDA:37,1,1,0
BRDA:102,2,0,0
BRDA:102,2,1,0
BRF:6
BRH:0
end_of_record
TN:
SF:src/features/app/useDashboard.ts
FN:40,useDashboard
FN:45,(anonymous_1)
FN:66,(anonymous_2)
FNF:3
FNH:0
FNDA:0,useDashboard
FNDA:0,(anonymous_1)
FNDA:0,(anonymous_2)
DA:35,0
DA:41,0
DA:42,0
DA:43,0
DA:45,0
DA:46,0
DA:47,0
DA:48,0
DA:49,0
DA:51,0
DA:52,0
DA:53,0
DA:55,0
DA:60,0
DA:62,0
DA:66,0
DA:67,0
DA:70,0
LF:18
LH:0
BRDA:48,0,0,0
BRDA:48,0,1,0
BRF:2
BRH:0
end_of_record
TN:
SF:src/features/auth/AuthContext.ts
FN:17,getStoredAuthState
FNF:1
FNH:0
FNDA:0,getStoredAuthState
DA:18,0
DA:19,0
DA:22,0
DA:23,0
DA:25,0
DA:26,0
DA:29,0
DA:30,0
DA:32,0
DA:36,0
LF:10
LH:0
BRDA:18,0,0,0
BRDA:18,0,1,0
BRDA:25,1,0,0
BRDA:25,1,1,0
BRF:4
BRH:0
end_of_record
TN:
SF:src/features/auth/AuthProvider.tsx
FN:5,AuthProvider
FN:12,(anonymous_1)
FN:19,(anonymous_2)
FNF:3
FNH:0
FNDA:0,AuthProvider
FNDA:0,(anonymous_1)
FNDA:0,(anonymous_2)
DA:6,0
DA:7,0
DA:8,0
DA:12,0
DA:13,0
DA:14,0
DA:15,0
DA:16,0
DA:19,0
DA:20,0
DA:21,0
DA:22,0
DA:23,0
DA:26,0
LF:14
LH:0
BRF:0
BRH:0
end_of_record
TN:
SF:src/features/auth/LoginPage.tsx
FN:13,LoginPage
FN:22,(anonymous_1)
FN:77,(anonymous_2)
FN:97,(anonymous_3)
FN:105,(anonymous_4)
FNF:5
FNH:0
FNDA:0,LoginPage
FNDA:0,(anonymous_1)
FNDA:0,(anonymous_2)
FNDA:0,(anonymous_3)
FNDA:0,(anonymous_4)
DA:14,0
DA:15,0
DA:16,0
DA:17,0
DA:18,0
DA:19,0
DA:20,0
DA:22,0
DA:23,0
DA:24,0
DA:25,0
DA:27,0
DA:28,0
DA:34,0
DA:35,0
DA:38,0
DA:39,0
DA:40,0
DA:42,0
DA:51,0
DA:55,0
DA:77,0
DA:97,0
DA:105,0
LF:24
LH:0
BRDA:34,0,0,0
BRDA:34,0,1,0
BRDA:95,1,0,0
BRDA:95,1,1,0
BRDA:107,2,0,0
BRDA:107,2,1,0
BRDA:109,3,0,0
BRDA:109,3,1,0
BRDA:123,4,0,0
BRDA:123,4,1,0
BRDA:134,5,0,0
BRDA:134,5,1,0
BRF:12
BRH:0
end_of_record
TN:
SF:src/features/auth/ProtectedRoute.tsx
FN:4,ProtectedRoute
FNF:1
FNH:0
FNDA:0,ProtectedRoute
DA:5,0
DA:7,0
DA:8,0
DA:11,0
LF:4
LH:0
BRDA:7,0,0,0
BRDA:7,0,1,0
BRF:2
BRH:0
end_of_record
TN:
SF:src/features/auth/RegisterPage.tsx
FN:13,RegisterPage
FN:23,(anonymous_1)
FN:78,(anonymous_2)
FN:97,(anonymous_3)
FN:116,(anonymous_4)
FN:124,(anonymous_5)
FNF:6
FNH:0
FNDA:0,RegisterPage
FNDA:0,(anonymous_1)
FNDA:0,(anonymous_2)
FNDA:0,(anonymous_3)
FNDA:0,(anonymous_4)
FNDA:0,(anonymous_5)
DA:14,0
DA:15,0
DA:16,0
DA:17,0
DA:18,0
DA:19,0
DA:20,0
DA:21,0
DA:23,0
DA:24,0
DA:25,0
DA:26,0
DA:28,0
DA:29,0
DA:35,0
DA:36,0
DA:39,0
DA:40,0
DA:41,0
DA:43,0
DA:52,0
DA:56,0
DA:78,0
DA:97,0
DA:116,0
DA:124,0
LF:26
LH:0
BRDA:35,0,0,0
BRDA:35,0,1,0
BRDA:114,1,0,0
BRDA:114,1,1,0
BRDA:126,2,0,0
BRDA:126,2,1,0
BRDA:128,3,0,0
BRDA:128,3,1,0
BRDA:142,4,0,0
BRDA:142,4,1,0
BRDA:153,5,0,0
BRDA:153,5,1,0
BRF:12
BRH:0
end_of_record
TN:
SF:src/features/auth/useAuth.ts
FN:4,useAuth
FNF:1
FNH:0
FNDA:0,useAuth
DA:5,0
DA:6,0
DA:7,0
DA:9,0
LF:4
LH:0
BRDA:6,0,0,0
BRDA:6,0,1,0
BRF:2
BRH:0
end_of_record
TN:
SF:src/features/landing/LandingPage.tsx
FN:19,LandingPage
FN:20,(anonymous_1)
FN:29,(anonymous_2)
FN:87,(anonymous_3)
FN:108,(anonymous_4)
FN:162,upsertMetaTag
FN:182,InstitutionalPanel
FN:210,MiniMatch
FN:227,Stat
FNF:9
FNH:0
FNDA:0,LandingPage
FNDA:0,(anonymous_1)
FNDA:0,(anonymous_2)
FNDA:0,(anonymous_3)
FNDA:0,(anonymous_4)
FNDA:0,upsertMetaTag
FNDA:0,InstitutionalPanel
FNDA:0,MiniMatch
FNDA:0,Stat
DA:4,0
DA:13,0
DA:20,0
DA:21,0
DA:22,0
DA:23,0
DA:29,0
DA:30,0
DA:31,0
DA:32,0
DA:33,0
DA:35,0
DA:40,0
DA:88,0
DA:109,0
DA:167,0
DA:168,0
DA:169,0
DA:170,0
DA:171,0
DA:172,0
DA:175,0
DA:176,0
DA:177,0
DA:178,0
DA:179,0
DA:183,0
DA:219,0
DA:228,0
LF:29
LH:0
BRDA:31,0,0,0
BRDA:31,0,1,0
BRDA:33,1,0,0
BRDA:33,1,1,0
BRDA:169,2,0,0
BRDA:169,2,1,0
BRDA:213,3,0,0
BRDA:221,4,0,0
BRDA:221,4,1,0
BRDA:222,5,0,0
BRDA:222,5,1,0
BRF:11
BRH:0
end_of_record
TN:
SF:src/features/manage/ManageTournamentPage.tsx
FN:31,ManageTournamentPage
FN:75,(anonymous_1)
FN:80,(anonymous_2)
FN:83,(anonymous_3)
FN:88,(anonymous_4)
FN:106,(anonymous_5)
FN:108,(anonymous_6)
FN:111,(anonymous_7)
FN:114,(anonymous_8)
FN:115,onPointerDown
FN:127,(anonymous_10)
FN:133,handleCopySeed
FN:151,handleShareResult
FN:195,handleRenamePlayer
FN:237,handleFinishTournament
FN:266,handleSelectWinner
FN:304,handleUpdateScore
FN:325,handleUndoLastAction
FN:356,(anonymous_18)
FN:361,(anonymous_19)
FN:365,(anonymous_20)
FN:372,(anonymous_21)
FN:382,(anonymous_22)
FN:384,(anonymous_23)
FN:395,(anonymous_24)
FN:399,(anonymous_25)
FN:400,(anonymous_26)
FN:429,(anonymous_27)
FN:431,(anonymous_28)
FN:432,(anonymous_29)
FN:466,(anonymous_30)
FN:476,(anonymous_31)
FN:476,(anonymous_32)
FN:516,(anonymous_33)
FN:524,(anonymous_34)
FN:537,(anonymous_35)
FN:547,(anonymous_36)
FN:628,(anonymous_37)
FN:630,(anonymous_38)
FN:643,(anonymous_39)
FN:653,(anonymous_40)
FN:662,(anonymous_41)
FN:717,(anonymous_42)
FN:735,(anonymous_43)
FN:752,(anonymous_44)
FN:753,(anonymous_45)
FN:762,(anonymous_46)
FN:780,(anonymous_47)
FN:807,(anonymous_48)
FN:823,(anonymous_49)
FN:830,ChampionshipClosureScreen
FN:913,(anonymous_51)
FN:1026,(anonymous_52)
FN:1045,PrizeHighlightCard
FN:1071,SummaryLine
FN:1080,getOrderedMatches
FN:1081,(anonymous_56)
FN:1083,(anonymous_57)
FN:1084,(anonymous_58)
FN:1092,formatCurrency
FN:1101,formatLongDate
FN:1125,deriveRunnerUp
FN:1136,QRIcon
FN:1150,extractTournamentPlayers
FN:1151,(anonymous_64)
FN:1162,(anonymous_65)
FNF:66
FNH:0
FNDA:0,ManageTournamentPage
FNDA:0,(anonymous_1)
FNDA:0,(anonymous_2)
FNDA:0,(anonymous_3)
FNDA:0,(anonymous_4)
FNDA:0,(anonymous_5)
FNDA:0,(anonymous_6)
FNDA:0,(anonymous_7)
FNDA:0,(anonymous_8)
FNDA:0,onPointerDown
FNDA:0,(anonymous_10)
FNDA:0,handleCopySeed
FNDA:0,handleShareResult
FNDA:0,handleRenamePlayer
FNDA:0,handleFinishTournament
FNDA:0,handleSelectWinner
FNDA:0,handleUpdateScore
FNDA:0,handleUndoLastAction
FNDA:0,(anonymous_18)
FNDA:0,(anonymous_19)
FNDA:0,(anonymous_20)
FNDA:0,(anonymous_21)
FNDA:0,(anonymous_22)
FNDA:0,(anonymous_23)
FNDA:0,(anonymous_24)
FNDA:0,(anonymous_25)
FNDA:0,(anonymous_26)
FNDA:0,(anonymous_27)
FNDA:0,(anonymous_28)
FNDA:0,(anonymous_29)
FNDA:0,(anonymous_30)
FNDA:0,(anonymous_31)
FNDA:0,(anonymous_32)
FNDA:0,(anonymous_33)
FNDA:0,(anonymous_34)
FNDA:0,(anonymous_35)
FNDA:0,(anonymous_36)
FNDA:0,(anonymous_37)
FNDA:0,(anonymous_38)
FNDA:0,(anonymous_39)
FNDA:0,(anonymous_40)
FNDA:0,(anonymous_41)
FNDA:0,(anonymous_42)
FNDA:0,(anonymous_43)
FNDA:0,(anonymous_44)
FNDA:0,(anonymous_45)
FNDA:0,(anonymous_46)
FNDA:0,(anonymous_47)
FNDA:0,(anonymous_48)
FNDA:0,(anonymous_49)
FNDA:0,ChampionshipClosureScreen
FNDA:0,(anonymous_51)
FNDA:0,(anonymous_52)
FNDA:0,PrizeHighlightCard
FNDA:0,SummaryLine
FNDA:0,getOrderedMatches
FNDA:0,(anonymous_56)
FNDA:0,(anonymous_57)
FNDA:0,(anonymous_58)
FNDA:0,formatCurrency
FNDA:0,formatLongDate
FNDA:0,deriveRunnerUp
FNDA:0,QRIcon
FNDA:0,extractTournamentPlayers
FNDA:0,(anonymous_64)
FNDA:0,(anonymous_65)
DA:32,0
DA:33,0
DA:34,0
DA:42,0
DA:43,0
DA:44,0
DA:45,0
DA:46,0
DA:47,0
DA:48,0
DA:49,0
DA:50,0
DA:51,0
DA:52,0
DA:56,0
DA:57,0
DA:58,0
DA:59,0
DA:60,0
DA:61,0
DA:62,0
DA:69,0
DA:70,0
DA:71,0
DA:72,0
DA:73,0
DA:74,0
DA:75,0
DA:78,0
DA:80,0
DA:81,0
DA:82,0
DA:83,0
DA:85,0
DA:88,0
DA:89,0
DA:91,0
DA:95,0
DA:96,0
DA:97,0
DA:99,0
DA:100,0
DA:103,0
DA:106,0
DA:107,0
DA:108,0
DA:109,0
DA:111,0
DA:114,0
DA:116,0
DA:121,0
DA:125,0
DA:126,0
DA:127,0
DA:128,0
DA:129,0
DA:134,0
DA:135,0
DA:136,0
DA:138,0
DA:139,0
DA:140,0
DA:143,0
DA:144,0
DA:145,0
DA:147,0
DA:152,0
DA:153,0
DA:156,0
DA:157,0
DA:158,0
DA:159,0
DA:160,0
DA:161,0
DA:162,0
DA:172,0
DA:174,0
DA:175,0
DA:177,0
DA:178,0
DA:179,0
DA:184,0
DA:185,0
DA:188,0
DA:189,0
DA:191,0
DA:196,0
DA:197,0
DA:198,0
DA:201,0
DA:202,0
DA:203,0
DA:204,0
DA:207,0
DA:208,0
DA:209,0
DA:210,0
DA:212,0
DA:213,0
DA:220,0
DA:221,0
DA:224,0
DA:225,0
DA:227,0
DA:233,0
DA:238,0
DA:240,0
DA:241,0
DA:242,0
DA:244,0
DA:245,0
DA:248,0
DA:249,0
DA:252,0
DA:253,0
DA:254,0
DA:256,0
DA:262,0
DA:273,0
DA:275,0
DA:276,0
DA:277,0
DA:278,0
DA:279,0
DA:280,0
DA:283,0
DA:284,0
DA:288,0
DA:289,0
DA:291,0
DA:300,0
DA:305,0
DA:307,0
DA:308,0
DA:309,0
DA:310,0
DA:311,0
DA:312,0
DA:313,0
DA:315,0
DA:321,0
DA:326,0
DA:328,0
DA:329,0
DA:330,0
DA:331,0
DA:332,0
DA:336,0
DA:337,0
DA:340,0
DA:341,0
DA:342,0
DA:343,0
DA:344,0
DA:346,0
DA:352,0
DA:356,0
DA:357,0
DA:359,0
DA:360,0
DA:361,0
DA:364,0
DA:366,0
DA:371,0
DA:372,0
DA:373,0
DA:379,0
DA:382,0
DA:383,0
DA:384,0
DA:385,0
DA:390,0
DA:394,0
DA:395,0
DA:396,0
DA:397,0
DA:398,0
DA:399,0
DA:400,0
DA:401,0
DA:402,0
DA:403,0
DA:407,0
DA:408,0
DA:415,0
DA:416,0
DA:417,0
DA:424,0
DA:426,0
DA:427,0
DA:428,0
DA:429,0
DA:431,0
DA:432,0
DA:433,0
DA:434,0
DA:435,0
DA:436,0
DA:437,0
DA:438,0
DA:440,0
DA:466,0
DA:476,0
DA:516,0
DA:525,0
DA:526,0
DA:538,0
DA:539,0
DA:548,0
DA:549,0
DA:629,0
DA:630,0
DA:633,0
DA:644,0
DA:650,0
DA:654,0
DA:663,0
DA:717,0
DA:736,0
DA:753,0
DA:762,0
DA:780,0
DA:807,0
DA:823,0
DA:865,0
DA:866,0
DA:873,0
DA:874,0
DA:881,0
DA:882,0
DA:889,0
DA:891,0
DA:914,0
DA:1027,0
DA:1055,0
DA:1061,0
DA:1072,0
DA:1081,0
DA:1082,0
DA:1083,0
DA:1084,0
DA:1093,0
DA:1094,0
DA:1102,0
DA:1103,0
DA:1104,0
DA:1105,0
DA:1111,0
DA:1126,0
DA:1127,0
DA:1128,0
DA:1129,0
DA:1130,0
DA:1131,0
DA:1137,0
DA:1151,0
DA:1152,0
DA:1154,0
DA:1155,0
DA:1156,0
DA:1157,0
DA:1158,0
DA:1162,0
DA:1163,0
LF:264
LH:0
BRDA:75,0,0,0
BRDA:75,0,1,0
BRDA:78,1,0,0
BRDA:78,1,1,0
BRDA:81,2,0,0
BRDA:81,2,1,0
BRDA:89,3,0,0
BRDA:89,3,1,0
BRDA:91,4,0,0
BRDA:91,4,1,0
BRDA:92,5,0,0
BRDA:92,5,1,0
BRDA:99,6,0,0
BRDA:99,6,1,0
BRDA:107,7,0,0
BRDA:107,7,1,0
BRDA:116,8,0,0
BRDA:116,8,1,0
BRDA:117,9,0,0
BRDA:117,9,1,0
BRDA:117,9,2,0
BRDA:138,10,0,0
BRDA:138,10,1,0
BRDA:152,11,0,0
BRDA:152,11,1,0
BRDA:152,11,2,0
BRDA:153,12,0,0
BRDA:153,12,1,0
BRDA:156,13,0,0
BRDA:156,13,1,0
BRDA:156,13,2,0
BRDA:157,14,0,0
BRDA:157,14,1,0
BRDA:157,14,2,0
BRDA:158,15,0,0
BRDA:158,15,1,0
BRDA:158,15,2,0
BRDA:159,16,0,0
BRDA:159,16,1,0
BRDA:160,17,0,0
BRDA:160,17,1,0
BRDA:163,18,0,0
BRDA:163,18,1,0
BRDA:166,19,0,0
BRDA:166,19,1,0
BRDA:167,20,0,0
BRDA:167,20,1,0
BRDA:168,21,0,0
BRDA:168,21,1,0
BRDA:168,22,0,0
BRDA:168,22,1,0
BRDA:169,23,0,0
BRDA:169,23,1,0
BRDA:169,24,0,0
BRDA:169,24,1,0
BRDA:178,25,0,0
BRDA:178,25,1,0
BRDA:180,26,0,0
BRDA:180,26,1,0
BRDA:196,27,0,0
BRDA:196,27,1,0
BRDA:201,28,0,0
BRDA:201,28,1,0
BRDA:202,29,0,0
BRDA:202,29,1,0
BRDA:220,30,0,0
BRDA:220,30,1,0
BRDA:238,31,0,0
BRDA:238,31,1,0
BRDA:248,32,0,0
BRDA:248,32,1,0
BRDA:273,33,0,0
BRDA:273,33,1,0
BRDA:273,34,0,0
BRDA:273,34,1,0
BRDA:280,35,0,0
BRDA:280,35,1,0
BRDA:280,36,0,0
BRDA:280,36,1,0
BRDA:305,37,0,0
BRDA:305,37,1,0
BRDA:305,38,0,0
BRDA:305,38,1,0
BRDA:326,39,0,0
BRDA:326,39,1,0
BRDA:326,40,0,0
BRDA:326,40,1,0
BRDA:326,40,2,0
BRDA:336,41,0,0
BRDA:336,41,1,0
BRDA:357,42,0,0
BRDA:357,42,1,0
BRDA:359,43,0,0
BRDA:359,43,1,0
BRDA:361,44,0,0
BRDA:361,44,1,0
BRDA:361,44,2,0
BRDA:364,45,0,0
BRDA:364,45,1,0
BRDA:366,46,0,0
BRDA:366,46,1,0
BRDA:366,46,2,0
BRDA:371,47,0,0
BRDA:371,47,1,0
BRDA:383,48,0,0
BRDA:383,48,1,0
BRDA:396,49,0,0
BRDA:396,49,1,0
BRDA:397,50,0,0
BRDA:397,50,1,0
BRDA:399,51,0,0
BRDA:399,51,1,0
BRDA:401,52,0,0
BRDA:401,52,1,0
BRDA:401,53,0,0
BRDA:401,53,1,0
BRDA:407,54,0,0
BRDA:407,54,1,0
BRDA:415,55,0,0
BRDA:415,55,1,0
BRDA:415,56,0,0
BRDA:415,56,1,0
BRDA:424,57,0,0
BRDA:424,57,1,0
BRDA:429,58,0,0
BRDA:429,58,1,0
BRDA:435,59,0,0
BRDA:435,59,1,0
BRDA:437,60,0,0
BRDA:437,60,1,0
BRDA:438,61,0,0
BRDA:438,61,1,0
BRDA:441,62,0,0
BRDA:441,62,1,0
BRDA:463,63,0,0
BRDA:463,63,1,0
BRDA:504,64,0,0
BRDA:504,64,1,0
BRDA:509,65,0,0
BRDA:509,65,1,0
BRDA:531,66,0,0
BRDA:531,66,1,0
BRDA:562,67,0,0
BRDA:562,67,1,0
BRDA:567,68,0,0
BRDA:567,68,1,0
BRDA:573,69,0,0
BRDA:573,69,1,0
BRDA:580,70,0,0
BRDA:580,70,1,0
BRDA:583,71,0,0
BRDA:583,71,1,0
BRDA:585,72,0,0
BRDA:585,72,1,0
BRDA:585,72,2,0
BRDA:588,73,0,0
BRDA:588,73,1,0
BRDA:590,74,0,0
BRDA:590,74,1,0
BRDA:590,74,2,0
BRDA:592,75,0,0
BRDA:592,75,1,0
BRDA:592,75,2,0
BRDA:593,76,0,0
BRDA:593,76,1,0
BRDA:593,76,2,0
BRDA:594,77,0,0
BRDA:594,77,1,0
BRDA:594,77,2,0
BRDA:595,78,0,0
BRDA:595,78,1,0
BRDA:596,79,0,0
BRDA:596,79,1,0
BRDA:600,80,0,0
BRDA:600,80,1,0
BRDA:606,81,0,0
BRDA:606,81,1,0
BRDA:608,82,0,0
BRDA:608,82,1,0
BRDA:608,82,2,0
BRDA:611,83,0,0
BRDA:611,83,1,0
BRDA:611,83,2,0
BRDA:611,83,3,0
BRDA:638,84,0,0
BRDA:638,84,1,0
BRDA:661,85,0,0
BRDA:661,85,1,0
BRDA:675,86,0,0
BRDA:675,86,1,0
BRDA:675,86,2,0
BRDA:683,87,0,0
BRDA:683,87,1,0
BRDA:683,87,2,0
BRDA:687,88,0,0
BRDA:687,88,1,0
BRDA:690,89,0,0
BRDA:690,89,1,0
BRDA:694,90,0,0
BRDA:694,90,1,0
BRDA:703,91,0,0
BRDA:703,91,1,0
BRDA:727,92,0,0
BRDA:727,92,1,0
BRDA:751,93,0,0
BRDA:751,93,1,0
BRDA:766,94,0,0
BRDA:766,94,1,0
BRDA:772,95,0,0
BRDA:772,95,1,0
BRDA:789,96,0,0
BRDA:789,96,1,0
BRDA:803,97,0,0
BRDA:803,97,1,0
BRDA:818,98,0,0
BRDA:818,98,1,0
BRDA:818,98,2,0
BRDA:865,99,0,0
BRDA:865,99,1,0
BRDA:873,100,0,0
BRDA:873,100,1,0
BRDA:881,101,0,0
BRDA:881,101,1,0
BRDA:910,102,0,0
BRDA:910,102,1,0
BRDA:929,103,0,0
BRDA:929,103,1,0
BRDA:944,104,0,0
BRDA:944,104,1,0
BRDA:961,105,0,0
BRDA:961,105,1,0
BRDA:961,105,2,0
BRDA:968,106,0,0
BRDA:968,106,1,0
BRDA:968,106,2,0
BRDA:1002,107,0,0
BRDA:1002,107,1,0
BRDA:1002,107,2,0
BRDA:1008,108,0,0
BRDA:1008,108,1,0
BRDA:1008,108,2,0
BRDA:1055,109,0,0
BRDA:1055,109,1,0
BRDA:1057,110,0,0
BRDA:1057,110,1,0
BRDA:1093,111,0,0
BRDA:1093,111,1,0
BRDA:1093,112,0,0
BRDA:1093,112,1,0
BRDA:1102,113,0,0
BRDA:1102,113,1,0
BRDA:1104,114,0,0
BRDA:1104,114,1,0
BRDA:1126,115,0,0
BRDA:1126,115,1,0
BRDA:1128,116,0,0
BRDA:1128,116,1,0
BRDA:1128,117,0,0
BRDA:1128,117,1,0
BRDA:1130,118,0,0
BRDA:1130,118,1,0
BRDA:1130,119,0,0
BRDA:1130,119,1,0
BRDA:1131,120,0,0
BRDA:1131,120,1,0
BRDA:1151,121,0,0
BRDA:1151,121,1,0
BRDA:1152,122,0,0
BRDA:1152,122,1,0
BRDA:1157,123,0,0
BRDA:1157,123,1,0
BRF:271
BRH:0
end_of_record
TN:
SF:src/features/manage/TournamentHistoryPage.tsx
FN:11,formatCurrency
FN:18,formatDateFull
FN:26,TournamentHistoryPage
FN:44,(anonymous_3)
FN:50,(anonymous_4)
FN:68,(anonymous_5)
FN:167,(anonymous_6)
FN:224,SectionCard
FN:254,InfoStat
FN:265,ResultTile
FN:294,FinalMatchCard
FN:323,KeyValue
FN:334,formatDateRange
FN:344,formatDateTime
FNF:14
FNH:0
FNDA:0,formatCurrency
FNDA:0,formatDateFull
FNDA:0,TournamentHistoryPage
FNDA:0,(anonymous_3)
FNDA:0,(anonymous_4)
FNDA:0,(anonymous_5)
FNDA:0,(anonymous_6)
FNDA:0,SectionCard
FNDA:0,InfoStat
FNDA:0,ResultTile
FNDA:0,FinalMatchCard
FNDA:0,KeyValue
FNDA:0,formatDateRange
FNDA:0,formatDateTime
DA:12,0
DA:19,0
DA:27,0
DA:33,0
DA:39,0
DA:41,0
DA:42,0
DA:44,0
DA:45,0
DA:46,0
DA:47,0
DA:50,0
DA:51,0
DA:52,0
DA:57,0
DA:58,0
DA:63,0
DA:64,0
DA:69,0
DA:76,0
DA:78,0
DA:80,0
DA:85,0
DA:89,0
DA:168,0
DA:235,0
DA:241,0
DA:255,0
DA:276,0
DA:295,0
DA:298,0
DA:301,0
DA:324,0
DA:335,0
DA:336,0
DA:337,0
DA:338,0
DA:339,0
DA:341,0
DA:345,0
DA:346,0
LF:41
LH:0
BRDA:41,0,0,0
BRDA:41,0,1,0
BRDA:42,1,0,0
BRDA:42,1,1,0
BRDA:45,2,0,0
BRDA:45,2,1,0
BRDA:45,3,0,0
BRDA:45,3,1,0
BRDA:47,4,0,0
BRDA:47,4,1,0
BRDA:51,5,0,0
BRDA:51,5,1,0
BRDA:51,6,0,0
BRDA:51,6,1,0
BRDA:51,6,2,0
BRDA:52,7,0,0
BRDA:52,7,1,0
BRDA:57,8,0,0
BRDA:57,8,1,0
BRDA:63,9,0,0
BRDA:63,9,1,0
BRDA:63,10,0,0
BRDA:63,10,1,0
BRDA:63,10,2,0
BRDA:76,11,0,0
BRDA:76,11,1,0
BRDA:80,12,0,0
BRDA:80,12,1,0
BRDA:81,13,0,0
BRDA:81,13,1,0
BRDA:85,14,0,0
BRDA:85,14,1,0
BRDA:86,15,0,0
BRDA:86,15,1,0
BRDA:128,16,0,0
BRDA:128,16,1,0
BRDA:130,17,0,0
BRDA:130,17,1,0
BRDA:140,18,0,0
BRDA:140,18,1,0
BRDA:142,19,0,0
BRDA:142,19,1,0
BRDA:146,20,0,0
BRDA:146,20,1,0
BRDA:148,21,0,0
BRDA:148,21,1,0
BRDA:156,22,0,0
BRDA:156,22,1,0
BRDA:183,23,0,0
BRDA:183,23,1,0
BRDA:184,24,0,0
BRDA:184,24,1,0
BRDA:186,25,0,0
BRDA:186,25,1,0
BRDA:187,26,0,0
BRDA:187,26,1,0
BRDA:189,27,0,0
BRDA:189,27,1,0
BRDA:191,28,0,0
BRDA:191,28,1,0
BRDA:192,29,0,0
BRDA:192,29,1,0
BRDA:195,30,0,0
BRDA:195,30,1,0
BRDA:196,31,0,0
BRDA:196,31,1,0
BRDA:197,32,0,0
BRDA:197,32,1,0
BRDA:198,33,0,0
BRDA:198,33,1,0
BRDA:200,34,0,0
BRDA:200,34,1,0
BRDA:201,35,0,0
BRDA:201,35,1,0
BRDA:202,36,0,0
BRDA:202,36,1,0
BRDA:204,37,0,0
BRDA:204,37,1,0
BRDA:206,38,0,0
BRDA:206,38,1,0
BRDA:207,39,0,0
BRDA:207,39,1,0
BRDA:216,40,0,0
BRDA:216,40,1,0
BRDA:280,41,0,0
BRDA:280,41,1,0
BRDA:289,42,0,0
BRDA:289,42,1,0
BRDA:295,43,0,0
BRDA:295,43,1,0
BRDA:296,44,0,0
BRDA:296,44,1,0
BRDA:298,45,0,0
BRDA:298,45,1,0
BRDA:310,46,0,0
BRDA:310,46,1,0
BRDA:310,47,0,0
BRDA:310,47,1,0
BRDA:310,47,2,0
BRDA:314,48,0,0
BRDA:314,48,1,0
BRDA:335,49,0,0
BRDA:335,49,1,0
BRDA:335,50,0,0
BRDA:335,50,1,0
BRDA:336,51,0,0
BRDA:336,51,1,0
BRDA:337,52,0,0
BRDA:337,52,1,0
BRDA:338,53,0,0
BRDA:338,53,1,0
BRDA:338,54,0,0
BRDA:338,54,1,0
BRDA:341,55,0,0
BRDA:341,55,1,0
BRDA:341,55,2,0
BRDA:345,56,0,0
BRDA:345,56,1,0
BRF:118
BRH:0
end_of_record
TN:
SF:src/features/manage/TournamentQRModal.tsx
FN:16,TournamentQRModal
FN:25,(anonymous_1)
FN:28,(anonymous_2)
FN:33,handleDownload
FNF:4
FNH:0
FNDA:0,TournamentQRModal
FNDA:0,(anonymous_1)
FNDA:0,(anonymous_2)
FNDA:0,handleDownload
DA:22,0
DA:23,0
DA:25,0
DA:26,0
DA:29,0
DA:34,0
DA:35,0
DA:36,0
DA:38,0
DA:42,0
DA:46,0
LF:11
LH:0
BRDA:59,0,0,0
BRDA:59,0,1,0
BRF:2
BRH:0
end_of_record
TN:
SF:src/features/manage/TournamentSettingsPage.tsx
FN:11,formatCurrency
FN:20,formatPercent
FN:24,TournamentSettingsPage
FN:74,(anonymous_3)
FN:135,(anonymous_4)
FN:140,(anonymous_5)
FN:145,(anonymous_6)
FN:150,(anonymous_7)
FN:155,(anonymous_8)
FN:160,(anonymous_9)
FN:165,(anonymous_10)
FN:175,(anonymous_11)
FN:183,(anonymous_12)
FN:199,(anonymous_13)
FN:216,(anonymous_14)
FN:279,handleSave
FN:394,(anonymous_16)
FN:419,(anonymous_17)
FN:458,(anonymous_18)
FN:484,(anonymous_19)
FN:498,(anonymous_20)
FN:523,(anonymous_21)
FN:538,(anonymous_22)
FN:564,(anonymous_23)
FN:577,(anonymous_24)
FN:711,PreviewRow
FN:737,PreviewCard
FN:760,SummaryRow
FNF:28
FNH:0
FNDA:0,formatCurrency
FNDA:0,formatPercent
FNDA:0,TournamentSettingsPage
FNDA:0,(anonymous_3)
FNDA:0,(anonymous_4)
FNDA:0,(anonymous_5)
FNDA:0,(anonymous_6)
FNDA:0,(anonymous_7)
FNDA:0,(anonymous_8)
FNDA:0,(anonymous_9)
FNDA:0,(anonymous_10)
FNDA:0,(anonymous_11)
FNDA:0,(anonymous_12)
FNDA:0,(anonymous_13)
FNDA:0,(anonymous_14)
FNDA:0,handleSave
FNDA:0,(anonymous_16)
FNDA:0,(anonymous_17)
FNDA:0,(anonymous_18)
FNDA:0,(anonymous_19)
FNDA:0,(anonymous_20)
FNDA:0,(anonymous_21)
FNDA:0,(anonymous_22)
FNDA:0,(anonymous_23)
FNDA:0,(anonymous_24)
FNDA:0,PreviewRow
FNDA:0,PreviewCard
FNDA:0,SummaryRow
DA:12,0
DA:13,0
DA:21,0
DA:25,0
DA:26,0
DA:27,0
DA:31,0
DA:35,0
DA:39,0
DA:43,0
DA:47,0
DA:51,0
DA:55,0
DA:59,0
DA:63,0
DA:65,0
DA:66,0
DA:67,0
DA:68,0
DA:69,0
DA:70,0
DA:71,0
DA:72,0
DA:74,0
DA:75,0
DA:76,0
DA:103,0
DA:107,0
DA:111,0
DA:115,0
DA:119,0
DA:123,0
DA:127,0
DA:131,0
DA:135,0
DA:136,0
DA:137,0
DA:140,0
DA:141,0
DA:142,0
DA:145,0
DA:146,0
DA:147,0
DA:150,0
DA:151,0
DA:152,0
DA:155,0
DA:156,0
DA:157,0
DA:160,0
DA:161,0
DA:162,0
DA:165,0
DA:166,0
DA:167,0
DA:168,0
DA:169,0
DA:170,0
DA:171,0
DA:175,0
DA:176,0
DA:177,0
DA:178,0
DA:179,0
DA:183,0
DA:184,0
DA:185,0
DA:186,0
DA:187,0
DA:188,0
DA:189,0
DA:190,0
DA:191,0
DA:194,0
DA:196,0
DA:197,0
DA:199,0
DA:200,0
DA:201,0
DA:202,0
DA:203,0
DA:205,0
DA:206,0
DA:207,0
DA:208,0
DA:209,0
DA:210,0
DA:211,0
DA:213,0
DA:216,0
DA:217,0
DA:218,0
DA:231,0
DA:232,0
DA:233,0
DA:234,0
DA:235,0
DA:236,0
DA:237,0
DA:238,0
DA:239,0
DA:241,0
DA:242,0
DA:243,0
DA:244,0
DA:245,0
DA:247,0
DA:248,0
DA:249,0
DA:250,0
DA:251,0
DA:252,0
DA:254,0
DA:255,0
DA:257,0
DA:258,0
DA:260,0
DA:261,0
DA:263,0
DA:264,0
DA:266,0
DA:267,0
DA:271,0
DA:280,0
DA:281,0
DA:282,0
DA:283,0
DA:293,0
DA:294,0
DA:295,0
DA:301,0
DA:302,0
DA:307,0
DA:308,0
DA:309,0
DA:316,0
DA:318,0
DA:320,0
DA:394,0
DA:419,0
DA:458,0
DA:484,0
DA:498,0
DA:523,0
DA:538,0
DA:564,0
DA:578,0
DA:722,0
DA:747,0
DA:750,0
DA:761,0
LF:151
LH:0
BRDA:12,0,0,0
BRDA:12,0,1,0
BRDA:21,1,0,0
BRDA:21,1,1,0
BRDA:65,2,0,0
BRDA:65,2,1,0
BRDA:75,3,0,0
BRDA:75,3,1,0
BRDA:75,4,0,0
BRDA:75,4,1,0
BRDA:77,5,0,0
BRDA:77,5,1,0
BRDA:79,6,0,0
BRDA:79,6,1,0
BRDA:81,7,0,0
BRDA:81,7,1,0
BRDA:83,8,0,0
BRDA:83,8,1,0
BRDA:85,9,0,0
BRDA:85,9,1,0
BRDA:87,10,0,0
BRDA:87,10,1,0
BRDA:88,11,0,0
BRDA:88,11,1,0
BRDA:89,12,0,0
BRDA:89,12,1,0
BRDA:103,13,0,0
BRDA:103,13,1,0
BRDA:105,14,0,0
BRDA:105,14,1,0
BRDA:107,15,0,0
BRDA:107,15,1,0
BRDA:109,16,0,0
BRDA:109,16,1,0
BRDA:111,17,0,0
BRDA:111,17,1,0
BRDA:113,18,0,0
BRDA:113,18,1,0
BRDA:115,19,0,0
BRDA:115,19,1,0
BRDA:117,20,0,0
BRDA:117,20,1,0
BRDA:119,21,0,0
BRDA:119,21,1,0
BRDA:121,22,0,0
BRDA:121,22,1,0
BRDA:123,23,0,0
BRDA:123,23,1,0
BRDA:125,24,0,0
BRDA:125,24,1,0
BRDA:127,25,0,0
BRDA:127,25,1,0
BRDA:129,26,0,0
BRDA:129,26,1,0
BRDA:131,27,0,0
BRDA:131,27,1,0
BRDA:133,28,0,0
BRDA:133,28,1,0
BRDA:168,29,0,0
BRDA:168,29,1,0
BRDA:178,30,0,0
BRDA:178,30,1,0
BRDA:194,31,0,0
BRDA:194,31,1,0
BRDA:196,32,0,0
BRDA:196,32,1,0
BRDA:196,33,0,0
BRDA:196,33,1,0
BRDA:197,34,0,0
BRDA:197,34,1,0
BRDA:197,35,0,0
BRDA:197,35,1,0
BRDA:197,36,0,0
BRDA:197,36,1,0
BRDA:200,37,0,0
BRDA:200,37,1,0
BRDA:201,38,0,0
BRDA:201,38,1,0
BRDA:202,39,0,0
BRDA:202,39,1,0
BRDA:203,40,0,0
BRDA:203,40,1,0
BRDA:217,41,0,0
BRDA:217,41,1,0
BRDA:217,42,0,0
BRDA:217,42,1,0
BRDA:221,43,0,0
BRDA:221,43,1,0
BRDA:222,44,0,0
BRDA:222,44,1,0
BRDA:222,45,0,0
BRDA:222,45,1,0
BRDA:223,46,0,0
BRDA:223,46,1,0
BRDA:224,47,0,0
BRDA:224,47,1,0
BRDA:225,48,0,0
BRDA:225,48,1,0
BRDA:226,49,0,0
BRDA:226,49,1,0
BRDA:227,50,0,0
BRDA:227,50,1,0
BRDA:236,51,0,0
BRDA:236,51,1,0
BRDA:236,52,0,0
BRDA:236,52,1,0
BRDA:239,53,0,0
BRDA:239,53,1,0
BRDA:239,53,2,0
BRDA:241,54,0,0
BRDA:241,54,1,0
BRDA:241,54,2,0
BRDA:242,55,0,0
BRDA:242,55,1,0
BRDA:242,55,2,0
BRDA:243,56,0,0
BRDA:243,56,1,0
BRDA:243,56,2,0
BRDA:244,57,0,0
BRDA:244,57,1,0
BRDA:244,57,2,0
BRDA:244,57,3,0
BRDA:245,58,0,0
BRDA:245,58,1,0
BRDA:245,58,2,0
BRDA:245,58,3,0
BRDA:248,59,0,0
BRDA:248,59,1,0
BRDA:254,60,0,0
BRDA:254,60,1,0
BRDA:257,61,0,0
BRDA:257,61,1,0
BRDA:260,62,0,0
BRDA:260,62,1,0
BRDA:263,63,0,0
BRDA:263,63,1,0
BRDA:266,64,0,0
BRDA:266,64,1,0
BRDA:271,65,0,0
BRDA:271,65,1,0
BRDA:271,65,2,0
BRDA:271,65,3,0
BRDA:271,65,4,0
BRDA:271,65,5,0
BRDA:271,65,6,0
BRDA:280,66,0,0
BRDA:280,66,1,0
BRDA:280,67,0,0
BRDA:280,67,1,0
BRDA:280,67,2,0
BRDA:301,68,0,0
BRDA:301,68,1,0
BRDA:307,69,0,0
BRDA:307,69,1,0
BRDA:307,70,0,0
BRDA:307,70,1,0
BRDA:316,71,0,0
BRDA:316,71,1,0
BRDA:349,72,0,0
BRDA:349,72,1,0
BRDA:370,73,0,0
BRDA:370,73,1,0
BRDA:408,74,0,0
BRDA:408,74,1,0
BRDA:443,75,0,0
BRDA:443,75,1,0
BRDA:443,76,0,0
BRDA:443,76,1,0
BRDA:469,77,0,0
BRDA:469,77,1,0
BRDA:469,78,0,0
BRDA:469,78,1,0
BRDA:504,79,0,0
BRDA:504,79,1,0
BRDA:508,80,0,0
BRDA:508,80,1,0
BRDA:508,81,0,0
BRDA:508,81,1,0
BRDA:533,82,0,0
BRDA:533,82,1,0
BRDA:545,83,0,0
BRDA:545,83,1,0
BRDA:545,83,2,0
BRDA:549,84,0,0
BRDA:549,84,1,0
BRDA:549,85,0,0
BRDA:549,85,1,0
BRDA:575,86,0,0
BRDA:575,86,1,0
BRDA:585,87,0,0
BRDA:585,87,1,0
BRDA:588,88,0,0
BRDA:588,88,1,0
BRDA:591,89,0,0
BRDA:591,89,1,0
BRDA:597,90,0,0
BRDA:597,90,1,0
BRDA:600,91,0,0
BRDA:600,91,1,0
BRDA:602,92,0,0
BRDA:602,92,1,0
BRDA:629,93,0,0
BRDA:629,93,1,0
BRDA:655,94,0,0
BRDA:655,94,1,0
BRDA:662,95,0,0
BRDA:662,95,1,0
BRDA:662,95,2,0
BRDA:685,96,0,0
BRDA:685,96,1,0
BRDA:692,97,0,0
BRDA:692,97,1,0
BRDA:695,98,0,0
BRDA:695,98,1,0
BRDA:728,99,0,0
BRDA:728,99,1,0
BRDA:730,100,0,0
BRDA:730,100,1,0
BRDA:740,101,0,0
BRDA:747,102,0,0
BRDA:747,102,1,0
BRF:221
BRH:0
end_of_record
TN:
SF:src/features/manage/useManageBracket.ts
FN:18,useManageBracket
FN:26,(anonymous_1)
FN:48,(anonymous_2)
FN:53,(anonymous_3)
FNF:4
FNH:0
FNDA:0,useManageBracket
FNDA:0,(anonymous_1)
FNDA:0,(anonymous_2)
FNDA:0,(anonymous_3)
DA:9,0
DA:21,0
DA:22,0
DA:23,0
DA:24,0
DA:26,0
DA:27,0
DA:28,0
DA:31,0
DA:32,0
DA:34,0
DA:35,0
DA:36,0
DA:38,0
DA:44,0
DA:48,0
DA:49,0
DA:50,0
DA:52,0
DA:53,0
DA:54,0
DA:58,0
LF:22
LH:0
BRDA:31,0,0,0
BRDA:31,0,1,0
BRDA:54,1,0,0
BRDA:54,1,1,0
BRF:4
BRH:0
end_of_record
TN:
SF:src/features/manage/useRecordResult.ts
FN:41,useRecordResult
FN:46,(anonymous_1)
FN:91,(anonymous_2)
FNF:3
FNH:0
FNDA:0,useRecordResult
FNDA:0,(anonymous_1)
FNDA:0,(anonymous_2)
DA:42,0
DA:43,0
DA:45,0
DA:53,0
DA:54,0
DA:55,0
DA:56,0
DA:57,0
DA:58,0
DA:59,0
DA:62,0
DA:69,0
DA:70,0
DA:72,0
DA:74,0
DA:82,0
DA:84,0
DA:90,0
DA:97,0
DA:98,0
DA:99,0
DA:100,0
DA:107,0
DA:108,0
DA:110,0
DA:112,0
DA:117,0
DA:119,0
DA:125,0
LF:29
LH:0
BRDA:57,0,0,0
BRDA:57,0,1,0
BRDA:57,1,0,0
BRDA:57,1,1,0
BRDA:69,2,0,0
BRDA:69,2,1,0
BRDA:107,3,0,0
BRDA:107,3,1,0
BRF:8
BRH:0
end_of_record
TN:
SF:src/features/manage/useStatistics.ts
FN:16,useStatistics
FN:21,(anonymous_1)
FN:42,(anonymous_2)
FNF:3
FNH:0
FNDA:0,useStatistics
FNDA:0,(anonymous_1)
FNDA:0,(anonymous_2)
DA:17,0
DA:18,0
DA:19,0
DA:21,0
DA:22,0
DA:23,0
DA:24,0
DA:25,0
DA:26,0
DA:27,0
DA:29,0
DA:30,0
DA:32,0
DA:38,0
DA:42,0
DA:43,0
DA:46,0
LF:17
LH:0
BRDA:26,0,0,0
BRDA:26,0,1,0
BRF:2
BRH:0
end_of_record
TN:
SF:src/features/manage/useTournamentDetails.ts
FN:48,useTournamentDetails
FN:55,(anonymous_1)
FN:75,(anonymous_2)
FNF:3
FNH:0
FNDA:0,useTournamentDetails
FNDA:0,(anonymous_1)
FNDA:0,(anonymous_2)
DA:51,0
DA:52,0
DA:53,0
DA:55,0
DA:56,0
DA:57,0
DA:58,0
DA:59,0
DA:61,0
DA:62,0
DA:63,0
DA:65,0
DA:71,0
DA:75,0
DA:76,0
DA:77,0
DA:80,0
LF:17
LH:0
BRDA:58,0,0,0
BRDA:58,0,1,0
BRF:2
BRH:0
end_of_record
TN:
SF:src/features/manage/useUpdateFinancials.ts
FN:29,useUpdateFinancials
FN:34,(anonymous_1)
FNF:2
FNH:0
FNDA:0,useUpdateFinancials
FNDA:0,(anonymous_1)
DA:30,0
DA:31,0
DA:33,0
DA:38,0
DA:39,0
DA:40,0
DA:41,0
DA:48,0
DA:49,0
DA:51,0
DA:53,0
DA:61,0
DA:63,0
DA:69,0
LF:14
LH:0
BRDA:48,0,0,0
BRDA:48,0,1,0
BRF:2
BRH:0
end_of_record
TN:
SF:src/features/manage/components/InteractiveMatchCard.tsx
FN:14,InteractiveMatchCard
FN:55,(anonymous_1)
FN:60,(anonymous_2)
FN:64,(anonymous_3)
FN:85,(anonymous_4)
FN:108,(anonymous_5)
FN:118,(anonymous_6)
FN:150,PlayerRow
FNF:8
FNH:0
FNDA:0,InteractiveMatchCard
FNDA:0,(anonymous_1)
FNDA:0,(anonymous_2)
FNDA:0,(anonymous_3)
FNDA:0,(anonymous_4)
FNDA:0,(anonymous_5)
FNDA:0,(anonymous_6)
FNDA:0,PlayerRow
DA:22,0
DA:24,0
DA:25,0
DA:26,0
DA:28,0
DA:34,0
DA:41,0
DA:42,0
DA:44,0
DA:55,0
DA:56,0
DA:57,0
DA:60,0
DA:61,0
DA:64,0
DA:65,0
DA:66,0
DA:68,0
DA:71,0
DA:72,0
DA:85,0
DA:92,0
DA:108,0
DA:118,0
DA:165,0
DA:176,0
LF:26
LH:0
BRDA:25,0,0,0
BRDA:25,0,1,0
BRDA:26,1,0,0
BRDA:26,1,1,0
BRDA:28,2,0,0
BRDA:28,2,1,0
BRDA:28,2,2,0
BRDA:28,2,3,0
BRDA:28,2,4,0
BRDA:34,3,0,0
BRDA:34,3,1,0
BRDA:34,3,2,0
BRDA:34,3,3,0
BRDA:34,3,4,0
BRDA:34,3,5,0
BRDA:41,4,0,0
BRDA:41,4,1,0
BRDA:42,5,0,0
BRDA:42,5,1,0
BRDA:42,5,2,0
BRDA:46,6,0,0
BRDA:46,6,1,0
BRDA:48,7,0,0
BRDA:48,7,1,0
BRDA:56,8,0,0
BRDA:56,8,1,0
BRDA:65,9,0,0
BRDA:65,9,1,0
BRDA:71,10,0,0
BRDA:71,10,1,0
BRDA:71,11,0,0
BRDA:71,11,1,0
BRDA:71,11,2,0
BRDA:76,12,0,0
BRDA:76,12,1,0
BRDA:82,13,0,0
BRDA:82,13,1,0
BRDA:82,14,0,0
BRDA:82,14,1,0
BRDA:83,15,0,0
BRDA:83,15,1,0
BRDA:83,16,0,0
BRDA:83,16,1,0
BRDA:106,17,0,0
BRDA:106,17,1,0
BRDA:111,18,0,0
BRDA:111,18,1,0
BRDA:116,19,0,0
BRDA:116,19,1,0
BRDA:127,20,0,0
BRDA:127,20,1,0
BRDA:133,21,0,0
BRDA:133,21,1,0
BRDA:142,22,0,0
BRDA:142,22,1,0
BRDA:167,23,0,0
BRDA:167,23,1,0
BRDA:168,24,0,0
BRDA:168,24,1,0
BRDA:169,25,0,0
BRDA:169,25,1,0
BRDA:170,26,0,0
BRDA:170,26,1,0
BRDA:170,26,2,0
BRDA:170,26,3,0
BRDA:171,27,0,0
BRDA:171,27,1,0
BRDA:171,27,2,0
BRDA:171,27,3,0
BRDA:185,28,0,0
BRDA:185,28,1,0
BRDA:186,29,0,0
BRDA:186,29,1,0
BRDA:190,30,0,0
BRDA:190,30,1,0
BRDA:190,30,2,0
BRF:76
BRH:0
end_of_record
TN:
SF:src/features/manage/components/ManageBracketRound.tsx
FN:12,ManageBracketRound
FN:23,(anonymous_1)
FN:26,(anonymous_2)
FN:35,(anonymous_3)
FN:46,(anonymous_4)
FNF:5
FNH:0
FNDA:0,ManageBracketRound
FNDA:0,(anonymous_1)
FNDA:0,(anonymous_2)
FNDA:0,(anonymous_3)
FNDA:0,(anonymous_4)
DA:19,0
DA:21,0
DA:23,0
DA:24,0
DA:25,0
DA:26,0
DA:30,0
DA:36,0
DA:47,0
LF:9
LH:0
BRDA:26,0,0,0
BRDA:26,0,1,0
BRDA:40,1,0,0
BRDA:40,1,1,0
BRDA:55,2,0,0
BRDA:55,2,1,0
BRDA:37,3,0,0
BRDA:37,3,1,0
BRF:8
BRH:0
end_of_record
TN:
SF:src/features/manage/components/ScoreInput.tsx
FN:13,ScoreInput
FN:28,(anonymous_1)
FN:44,(anonymous_2)
FN:44,(anonymous_3)
FN:45,(anonymous_4)
FN:45,(anonymous_5)
FN:55,(anonymous_6)
FN:55,(anonymous_7)
FN:56,(anonymous_8)
FN:56,(anonymous_9)
FN:107,ScoreCounter
FNF:11
FNH:0
FNDA:0,ScoreInput
FNDA:0,(anonymous_1)
FNDA:0,(anonymous_2)
FNDA:0,(anonymous_3)
FNDA:0,(anonymous_4)
FNDA:0,(anonymous_5)
FNDA:0,(anonymous_6)
FNDA:0,(anonymous_7)
FNDA:0,(anonymous_8)
FNDA:0,(anonymous_9)
FNDA:0,ScoreCounter
DA:22,0
DA:23,0
DA:25,0
DA:26,0
DA:28,0
DA:29,0
DA:30,0
DA:34,0
DA:44,0
DA:45,0
DA:55,0
DA:56,0
DA:115,0
LF:13
LH:0
BRDA:16,0,0,0
BRDA:17,1,0,0
BRDA:20,2,0,0
BRDA:26,3,0,0
BRDA:26,3,1,0
BRDA:26,4,0,0
BRDA:26,4,1,0
BRDA:29,5,0,0
BRDA:29,5,1,0
BRDA:62,6,0,0
BRDA:62,6,1,0
BRDA:62,6,2,0
BRDA:62,6,3,0
BRDA:68,7,0,0
BRDA:68,7,1,0
BRDA:87,8,0,0
BRDA:87,8,1,0
BRDA:113,9,0,0
BRDA:119,10,0,0
BRDA:119,10,1,0
BRDA:129,11,0,0
BRDA:129,11,1,0
BRDA:140,12,0,0
BRDA:140,12,1,0
BRF:24
BRH:0
end_of_record
TN:
SF:src/features/onboarding/OnboardingPage.tsx
FN:36,roundCurrency
FN:40,parseEntryFee
FN:59,parsePercentage
FN:72,formatCurrency
FN:79,calculatePreview
FN:103,OnboardingPage
FN:126,(anonymous_6)
FN:128,(anonymous_7)
FN:129,(anonymous_8)
FN:209,(anonymous_9)
FN:212,(anonymous_10)
FN:213,(anonymous_11)
FN:216,(anonymous_12)
FN:221,(anonymous_13)
FN:225,(anonymous_14)
FN:232,(anonymous_15)
FN:240,(anonymous_16)
FN:241,(anonymous_17)
FN:243,(anonymous_18)
FN:248,(anonymous_19)
FN:299,(anonymous_20)
FN:341,(anonymous_21)
FN:377,(anonymous_22)
FN:378,(anonymous_23)
FN:383,(anonymous_24)
FN:406,(anonymous_25)
FN:407,(anonymous_26)
FN:412,(anonymous_27)
FN:438,(anonymous_28)
FN:438,(anonymous_29)
FN:454,(anonymous_30)
FN:455,(anonymous_31)
FN:464,(anonymous_32)
FN:465,(anonymous_33)
FN:474,(anonymous_34)
FN:475,(anonymous_35)
FN:483,(anonymous_36)
FN:484,(anonymous_37)
FN:500,(anonymous_38)
FN:501,(anonymous_39)
FN:511,(anonymous_40)
FN:512,(anonymous_41)
FN:529,(anonymous_42)
FN:530,(anonymous_43)
FN:539,(anonymous_44)
FN:560,(anonymous_45)
FN:597,(anonymous_46)
FN:598,(anonymous_47)
FN:628,(anonymous_48)
FN:635,(anonymous_49)
FN:661,(anonymous_50)
FN:710,PercentageInput
FN:735,(anonymous_52)
FN:751,FinancialPreviewCard
FN:780,PreviewLine
FNF:55
FNH:0
FNDA:0,roundCurrency
FNDA:0,parseEntryFee
FNDA:0,parsePercentage
FNDA:0,formatCurrency
FNDA:0,calculatePreview
FNDA:0,OnboardingPage
FNDA:0,(anonymous_6)
FNDA:0,(anonymous_7)
FNDA:0,(anonymous_8)
FNDA:0,(anonymous_9)
FNDA:0,(anonymous_10)
FNDA:0,(anonymous_11)
FNDA:0,(anonymous_12)
FNDA:0,(anonymous_13)
FNDA:0,(anonymous_14)
FNDA:0,(anonymous_15)
FNDA:0,(anonymous_16)
FNDA:0,(anonymous_17)
FNDA:0,(anonymous_18)
FNDA:0,(anonymous_19)
FNDA:0,(anonymous_20)
FNDA:0,(anonymous_21)
FNDA:0,(anonymous_22)
FNDA:0,(anonymous_23)
FNDA:0,(anonymous_24)
FNDA:0,(anonymous_25)
FNDA:0,(anonymous_26)
FNDA:0,(anonymous_27)
FNDA:0,(anonymous_28)
FNDA:0,(anonymous_29)
FNDA:0,(anonymous_30)
FNDA:0,(anonymous_31)
FNDA:0,(anonymous_32)
FNDA:0,(anonymous_33)
FNDA:0,(anonymous_34)
FNDA:0,(anonymous_35)
FNDA:0,(anonymous_36)
FNDA:0,(anonymous_37)
FNDA:0,(anonymous_38)
FNDA:0,(anonymous_39)
FNDA:0,(anonymous_40)
FNDA:0,(anonymous_41)
FNDA:0,(anonymous_42)
FNDA:0,(anonymous_43)
FNDA:0,(anonymous_44)
FNDA:0,(anonymous_45)
FNDA:0,(anonymous_46)
FNDA:0,(anonymous_47)
FNDA:0,(anonymous_48)
FNDA:0,(anonymous_49)
FNDA:0,(anonymous_50)
FNDA:0,PercentageInput
FNDA:0,(anonymous_52)
FNDA:0,FinancialPreviewCard
FNDA:0,PreviewLine
DA:15,0
DA:16,0
DA:17,0
DA:18,0
DA:19,0
DA:20,0
DA:21,0
DA:22,0
DA:23,0
DA:37,0
DA:41,0
DA:42,0
DA:44,0
DA:45,0
DA:46,0
DA:47,0
DA:48,0
DA:51,0
DA:52,0
DA:53,0
DA:56,0
DA:60,0
DA:61,0
DA:63,0
DA:64,0
DA:65,0
DA:66,0
DA:69,0
DA:73,0
DA:88,0
DA:89,0
DA:90,0
DA:92,0
DA:104,0
DA:105,0
DA:106,0
DA:107,0
DA:119,0
DA:120,0
DA:121,0
DA:122,0
DA:123,0
DA:125,0
DA:127,0
DA:129,0
DA:135,0
DA:136,0
DA:137,0
DA:138,0
DA:139,0
DA:142,0
DA:146,0
DA:151,0
DA:153,0
DA:155,0
DA:161,0
DA:162,0
DA:163,0
DA:165,0
DA:166,0
DA:168,0
DA:169,0
DA:171,0
DA:172,0
DA:174,0
DA:175,0
DA:177,0
DA:178,0
DA:179,0
DA:180,0
DA:181,0
DA:185,0
DA:192,0
DA:203,0
DA:207,0
DA:209,0
DA:210,0
DA:211,0
DA:212,0
DA:213,0
DA:216,0
DA:217,0
DA:218,0
DA:221,0
DA:222,0
DA:223,0
DA:224,0
DA:225,0
DA:227,0
DA:228,0
DA:229,0
DA:232,0
DA:236,0
DA:237,0
DA:240,0
DA:241,0
DA:243,0
DA:245,0
DA:248,0
DA:249,0
DA:251,0
DA:252,0
DA:253,0
DA:254,0
DA:256,0
DA:258,0
DA:260,0
DA:261,0
DA:262,0
DA:263,0
DA:279,0
DA:280,0
DA:283,0
DA:284,0
DA:286,0
DA:293,0
DA:295,0
DA:299,0
DA:300,0
DA:301,0
DA:302,0
DA:303,0
DA:305,0
DA:308,0
DA:314,0
DA:317,0
DA:327,0
DA:342,0
DA:378,0
DA:384,0
DA:385,0
DA:407,0
DA:413,0
DA:414,0
DA:438,0
DA:455,0
DA:465,0
DA:475,0
DA:484,0
DA:501,0
DA:512,0
DA:530,0
DA:540,0
DA:560,0
DA:597,0
DA:599,0
DA:600,0
DA:601,0
DA:629,0
DA:635,0
DA:661,0
DA:723,0
DA:735,0
DA:760,0
DA:781,0
LF:155
LH:0
BRDA:42,0,0,0
BRDA:42,0,1,0
BRDA:45,1,0,0
BRDA:45,1,1,0
BRDA:45,2,0,0
BRDA:45,2,1,0
BRDA:47,3,0,0
BRDA:47,3,1,0
BRDA:52,4,0,0
BRDA:52,4,1,0
BRDA:52,5,0,0
BRDA:52,5,1,0
BRDA:61,6,0,0
BRDA:61,6,1,0
BRDA:65,7,0,0
BRDA:65,7,1,0
BRDA:65,8,0,0
BRDA:65,8,1,0
BRDA:65,8,2,0
BRDA:139,9,0,0
BRDA:139,9,1,0
BRDA:142,10,0,0
BRDA:142,10,1,0
BRDA:147,11,0,0
BRDA:147,11,1,0
BRDA:148,12,0,0
BRDA:148,12,1,0
BRDA:149,13,0,0
BRDA:149,13,1,0
BRDA:150,14,0,0
BRDA:150,14,1,0
BRDA:155,15,0,0
BRDA:155,15,1,0
BRDA:155,15,2,0
BRDA:155,15,3,0
BRDA:155,15,4,0
BRDA:162,16,0,0
BRDA:162,16,1,0
BRDA:165,17,0,0
BRDA:165,17,1,0
BRDA:168,18,0,0
BRDA:168,18,1,0
BRDA:171,19,0,0
BRDA:171,19,1,0
BRDA:171,20,0,0
BRDA:171,20,1,0
BRDA:174,21,0,0
BRDA:174,21,1,0
BRDA:174,22,0,0
BRDA:174,22,1,0
BRDA:177,23,0,0
BRDA:177,23,1,0
BRDA:185,24,0,0
BRDA:185,24,1,0
BRDA:185,24,2,0
BRDA:185,24,3,0
BRDA:185,24,4,0
BRDA:185,24,5,0
BRDA:193,25,0,0
BRDA:193,25,1,0
BRDA:195,26,0,0
BRDA:195,26,1,0
BRDA:196,27,0,0
BRDA:196,27,1,0
BRDA:197,28,0,0
BRDA:197,28,1,0
BRDA:198,29,0,0
BRDA:198,29,1,0
BRDA:199,30,0,0
BRDA:199,30,1,0
BRDA:203,31,0,0
BRDA:203,31,1,0
BRDA:203,31,2,0
BRDA:207,32,0,0
BRDA:207,32,1,0
BRDA:210,33,0,0
BRDA:210,33,1,0
BRDA:211,34,0,0
BRDA:211,34,1,0
BRDA:217,35,0,0
BRDA:217,35,1,0
BRDA:223,36,0,0
BRDA:223,36,1,0
BRDA:227,37,0,0
BRDA:227,37,1,0
BRDA:249,38,0,0
BRDA:249,38,1,0
BRDA:251,39,0,0
BRDA:251,39,1,0
BRDA:252,40,0,0
BRDA:252,40,1,0
BRDA:253,41,0,0
BRDA:253,41,1,0
BRDA:254,42,0,0
BRDA:254,42,1,0
BRDA:256,43,0,0
BRDA:256,43,1,0
BRDA:258,44,0,0
BRDA:258,44,1,0
BRDA:279,45,0,0
BRDA:279,45,1,0
BRDA:300,46,0,0
BRDA:300,46,1,0
BRDA:300,47,0,0
BRDA:300,47,1,0
BRDA:301,48,0,0
BRDA:301,48,1,0
BRDA:301,49,0,0
BRDA:301,49,1,0
BRDA:308,50,0,0
BRDA:308,50,1,0
BRDA:310,51,0,0
BRDA:310,51,1,0
BRDA:310,52,0,0
BRDA:310,52,1,0
BRDA:310,52,2,0
BRDA:312,53,0,0
BRDA:312,53,1,0
BRDA:314,54,0,0
BRDA:314,54,1,0
BRDA:317,55,0,0
BRDA:317,55,1,0
BRDA:318,56,0,0
BRDA:318,56,1,0
BRDA:320,57,0,0
BRDA:320,57,1,0
BRDA:322,58,0,0
BRDA:322,58,1,0
BRDA:330,59,0,0
BRDA:330,59,1,0
BRDA:340,60,0,0
BRDA:340,60,1,0
BRDA:346,61,0,0
BRDA:346,61,1,0
BRDA:352,62,0,0
BRDA:352,62,1,0
BRDA:361,63,0,0
BRDA:361,63,1,0
BRDA:384,64,0,0
BRDA:384,64,1,0
BRDA:384,65,0,0
BRDA:384,65,1,0
BRDA:413,66,0,0
BRDA:413,66,1,0
BRDA:413,67,0,0
BRDA:413,67,1,0
BRDA:422,68,0,0
BRDA:422,68,1,0
BRDA:432,69,0,0
BRDA:432,69,1,0
BRDA:444,70,0,0
BRDA:444,70,1,0
BRDA:446,71,0,0
BRDA:446,71,1,0
BRDA:463,72,0,0
BRDA:463,72,1,0
BRDA:473,73,0,0
BRDA:473,73,1,0
BRDA:494,74,0,0
BRDA:494,74,1,0
BRDA:499,75,0,0
BRDA:499,75,1,0
BRDA:506,76,0,0
BRDA:506,76,1,0
BRDA:523,77,0,0
BRDA:523,77,1,0
BRDA:523,77,2,0
BRDA:528,78,0,0
BRDA:528,78,1,0
BRDA:537,79,0,0
BRDA:537,79,1,0
BRDA:544,80,0,0
BRDA:544,80,1,0
BRDA:552,81,0,0
BRDA:552,81,1,0
BRDA:552,81,2,0
BRDA:552,81,3,0
BRDA:576,82,0,0
BRDA:576,82,1,0
BRDA:583,83,0,0
BRDA:583,83,1,0
BRDA:599,84,0,0
BRDA:599,84,1,0
BRDA:618,85,0,0
BRDA:618,85,1,0
BRDA:644,86,0,0
BRDA:644,86,1,0
BRDA:648,87,0,0
BRDA:648,87,1,0
BRDA:654,88,0,0
BRDA:654,88,1,0
BRDA:668,89,0,0
BRDA:668,89,1,0
BRDA:668,89,2,0
BRDA:668,89,3,0
BRDA:676,90,0,0
BRDA:676,90,1,0
BRDA:676,90,2,0
BRDA:679,91,0,0
BRDA:679,91,1,0
BRDA:684,92,0,0
BRDA:684,92,1,0
BRDA:684,92,2,0
BRDA:689,93,0,0
BRDA:689,93,1,0
BRDA:689,93,2,0
BRDA:689,93,3,0
BRDA:689,93,4,0
BRDA:696,94,0,0
BRDA:696,94,1,0
BRDA:714,95,0,0
BRDA:738,96,0,0
BRDA:738,96,1,0
BRDA:769,97,0,0
BRDA:769,97,1,0
BRDA:772,98,0,0
BRDA:772,98,1,0
BRDA:772,98,2,0
BRF:218
BRH:0
end_of_record
TN:
SF:src/features/onboarding/steps/PlayersStep.tsx
FN:10,PlayersStep
FN:19,(anonymous_1)
FN:27,(anonymous_2)
FN:28,(anonymous_3)
FN:31,(anonymous_4)
FN:36,(anonymous_5)
FN:37,(anonymous_6)
FN:41,(anonymous_7)
FN:45,(anonymous_8)
FN:56,(anonymous_9)
FN:59,(anonymous_10)
FN:76,(anonymous_11)
FN:77,(anonymous_12)
FN:112,(anonymous_13)
FN:119,(anonymous_14)
FNF:15
FNH:0
FNDA:0,PlayersStep
FNDA:0,(anonymous_1)
FNDA:0,(anonymous_2)
FNDA:0,(anonymous_3)
FNDA:0,(anonymous_4)
FNDA:0,(anonymous_5)
FNDA:0,(anonymous_6)
FNDA:0,(anonymous_7)
FNDA:0,(anonymous_8)
FNDA:0,(anonymous_9)
FNDA:0,(anonymous_10)
FNDA:0,(anonymous_11)
FNDA:0,(anonymous_12)
FNDA:0,(anonymous_13)
FNDA:0,(anonymous_14)
DA:16,0
DA:17,0
DA:19,0
DA:20,0
DA:21,0
DA:22,0
DA:23,0
DA:27,0
DA:28,0
DA:31,0
DA:32,0
DA:33,0
DA:34,0
DA:36,0
DA:37,0
DA:39,0
DA:40,0
DA:41,0
DA:42,0
DA:45,0
DA:46,0
DA:48,0
DA:49,0
DA:52,0
DA:55,0
DA:56,0
DA:58,0
DA:59,0
DA:63,0
DA:65,0
DA:76,0
DA:78,0
DA:79,0
DA:80,0
DA:113,0
DA:119,0
LF:36
LH:0
BRDA:21,0,0,0
BRDA:21,0,1,0
BRDA:21,1,0,0
BRDA:21,1,1,0
BRDA:39,2,0,0
BRDA:39,2,1,0
BRDA:48,3,0,0
BRDA:48,3,1,0
BRDA:52,4,0,0
BRDA:52,4,1,0
BRDA:78,5,0,0
BRDA:78,5,1,0
BRDA:106,6,0,0
BRDA:106,6,1,0
BRDA:110,7,0,0
BRDA:110,7,1,0
BRDA:131,8,0,0
BRDA:131,8,1,0
BRDA:132,9,0,0
BRDA:132,9,1,0
BRDA:133,10,0,0
BRDA:133,10,1,0
BRF:22
BRH:0
end_of_record
TN:
SF:src/features/onboarding/steps/TournamentStep.tsx
FN:10,TournamentStep
FN:28,(anonymous_1)
FN:29,(anonymous_2)
FN:50,(anonymous_3)
FNF:4
FNH:0
FNDA:0,TournamentStep
FNDA:0,(anonymous_1)
FNDA:0,(anonymous_2)
FNDA:0,(anonymous_3)
DA:18,0
DA:28,0
DA:30,0
DA:51,0
DA:52,0
LF:5
LH:0
BRDA:30,0,0,0
BRDA:30,0,1,0
BRDA:30,1,0,0
BRDA:30,1,1,0
BRDA:49,2,0,0
BRDA:49,2,1,0
BRDA:52,3,0,0
BRDA:52,3,1,0
BRF:8
BRH:0
end_of_record
TN:
SF:src/features/public-profile/PublicBadge.tsx
FN:1,PublicBadge
FNF:1
FNH:0
FNDA:0,PublicBadge
DA:2,0
LF:1
LH:0
BRF:0
BRH:0
end_of_record
TN:
SF:src/features/public-profile/PublicProfilePage.tsx
FN:7,PublicProfilePage
FN:30,(anonymous_1)
FN:31,(anonymous_2)
FN:50,(anonymous_3)
FN:91,formatDate
FN:99,formatCurrency
FNF:6
FNH:6
FNDA:13,PublicProfilePage
FNDA:15,(anonymous_1)
FNDA:15,(anonymous_2)
FNDA:15,(anonymous_3)
FNDA:15,formatDate
FNDA:2,formatCurrency
DA:8,13
DA:9,13
DA:11,13
DA:12,1
DA:19,12
DA:20,2
DA:21,2
DA:30,15
DA:31,15
DA:32,10
DA:34,10
DA:51,15
DA:92,15
DA:100,2
LF:14
LH:14
BRDA:11,0,0,1
BRDA:11,0,1,12
BRDA:19,1,0,2
BRDA:19,1,1,10
BRDA:19,2,0,12
BRDA:19,2,1,10
BRDA:20,3,0,2
BRDA:20,3,1,0
BRDA:40,4,0,9
BRDA:40,4,1,1
BRDA:44,5,0,2
BRDA:44,5,1,8
BRDA:62,6,0,0
BRDA:62,6,1,15
BRDA:64,7,0,15
BRDA:64,7,1,0
BRDA:71,8,0,15
BRDA:71,8,1,7
BRDA:76,9,0,15
BRDA:76,9,1,1
BRDA:79,10,0,1
BRDA:79,10,1,1
BRF:22
BRH:19
end_of_record
TN:
SF:src/features/public-profile/PublicTournamentDetailPage.tsx
FN:10,PublicTournamentDetailPage
FN:130,(anonymous_1)
FN:146,StatItem
FN:155,formatDate
FN:163,formatCurrency
FN:172,deriveRunnerUp
FNF:6
FNH:0
FNDA:0,PublicTournamentDetailPage
FNDA:0,(anonymous_1)
FNDA:0,StatItem
FNDA:0,formatDate
FNDA:0,formatCurrency
FNDA:0,deriveRunnerUp
DA:11,0
DA:15,0
DA:17,0
DA:18,0
DA:25,0
DA:26,0
DA:27,0
DA:36,0
DA:37,0
DA:39,0
DA:43,0
DA:131,0
DA:147,0
DA:156,0
DA:164,0
DA:176,0
DA:177,0
DA:178,0
DA:179,0
DA:180,0
DA:181,0
LF:21
LH:0
BRDA:17,0,0,0
BRDA:17,0,1,0
BRDA:25,1,0,0
BRDA:25,1,1,0
BRDA:25,2,0,0
BRDA:25,2,1,0
BRDA:26,3,0,0
BRDA:26,3,1,0
BRDA:39,4,0,0
BRDA:39,4,1,0
BRDA:39,5,0,0
BRDA:39,5,1,0
BRDA:63,6,0,0
BRDA:63,6,1,0
BRDA:64,7,0,0
BRDA:64,7,1,0
BRDA:68,8,0,0
BRDA:68,8,1,0
BRDA:68,8,2,0
BRDA:77,9,0,0
BRDA:77,9,1,0
BRDA:89,10,0,0
BRDA:89,10,1,0
BRDA:109,11,0,0
BRDA:109,11,1,0
BRDA:115,12,0,0
BRDA:115,12,1,0
BRDA:140,13,0,0
BRDA:140,13,1,0
BRDA:176,14,0,0
BRDA:176,14,1,0
BRDA:178,15,0,0
BRDA:178,15,1,0
BRDA:178,16,0,0
BRDA:178,16,1,0
BRDA:180,17,0,0
BRDA:180,17,1,0
BRDA:180,18,0,0
BRDA:180,18,1,0
BRDA:181,19,0,0
BRDA:181,19,1,0
BRF:41
BRH:0
end_of_record
TN:
SF:src/features/public-profile/usePublicProfile.ts
FN:76,usePublicProfile
FN:81,(anonymous_1)
FN:103,(anonymous_2)
FN:110,usePublicTournament
FN:115,(anonymous_4)
FN:139,(anonymous_5)
FNF:6
FNH:6
FNDA:15,usePublicProfile
FNDA:8,(anonymous_1)
FNDA:8,(anonymous_2)
FNDA:6,usePublicTournament
FNDA:3,(anonymous_4)
FNDA:3,(anonymous_5)
DA:77,15
DA:78,15
DA:79,15
DA:81,15
DA:82,8
DA:83,8
DA:84,6
DA:85,2
DA:87,4
DA:88,4
DA:90,3
DA:91,3
DA:92,3
DA:99,7
DA:103,15
DA:104,8
DA:107,15
DA:111,6
DA:112,6
DA:113,6
DA:115,6
DA:116,3
DA:117,3
DA:120,2
DA:121,1
DA:123,1
DA:124,1
DA:126,2
DA:127,2
DA:128,2
DA:135,3
DA:139,6
DA:140,3
DA:143,6
LF:34
LH:34
BRDA:84,0,0,2
BRDA:84,0,1,4
BRDA:95,1,0,1
BRDA:95,1,1,2
BRDA:120,2,0,1
BRDA:120,2,1,1
BRDA:131,3,0,1
BRDA:131,3,1,1
BRF:8
BRH:8
end_of_record
TN:
SF:src/features/tournaments/TournamentsPage.tsx
FN:6,TournamentsPage
FN:46,(anonymous_1)
FNF:2
FNH:0
FNDA:0,TournamentsPage
FNDA:0,(anonymous_1)
DA:7,0
DA:9,0
DA:48,0
DA:53,0
LF:4
LH:0
BRDA:25,0,0,0
BRDA:25,0,1,0
BRDA:29,1,0,0
BRDA:29,1,1,0
BRDA:38,2,0,0
BRDA:38,2,1,0
BRDA:38,2,2,0
BRDA:38,2,3,0
BRDA:44,3,0,0
BRDA:44,3,1,0
BRDA:44,3,2,0
BRDA:44,3,3,0
BRDA:48,4,0,0
BRDA:48,4,1,0
BRDA:50,5,0,0
BRDA:50,5,1,0
BRF:16
BRH:0
end_of_record
TN:
SF:src/features/tournaments/useTournaments.ts
FN:16,useTournaments
FN:21,(anonymous_1)
FN:41,(anonymous_2)
FNF:3
FNH:0
FNDA:0,useTournaments
FNDA:0,(anonymous_1)
FNDA:0,(anonymous_2)
DA:17,0
DA:18,0
DA:19,0
DA:21,0
DA:22,0
DA:23,0
DA:24,0
DA:25,0
DA:27,0
DA:28,0
DA:29,0
DA:31,0
DA:37,0
DA:41,0
DA:42,0
DA:45,0
LF:16
LH:0
BRDA:24,0,0,0
BRDA:24,0,1,0
BRF:2
BRH:0
end_of_record
TN:
SF:src/features/tournaments/components/EmptyState.tsx
FN:1,EmptyState
FNF:1
FNH:0
FNDA:0,EmptyState
DA:2,0
LF:1
LH:0
BRF:0
BRH:0
end_of_record
TN:
SF:src/features/tournaments/components/StatusBadge.tsx
FN:27,StatusBadge
FNF:1
FNH:1
FNDA:15,StatusBadge
DA:8,1
DA:28,15
DA:29,15
LF:3
LH:3
BRF:0
BRH:0
end_of_record
TN:
SF:src/features/tournaments/components/TournamentCard.tsx
FN:9,TournamentCard
FNF:1
FNH:0
FNDA:0,TournamentCard
DA:11,0
DA:13,0
LF:2
LH:0
BRDA:11,0,0,0
BRDA:11,0,1,0
BRDA:24,1,0,0
BRDA:24,1,1,0
BRDA:34,2,0,0
BRDA:34,2,1,0
BRDA:36,3,0,0
BRDA:36,3,1,0
BRF:8
BRH:0
end_of_record
TN:
SF:src/features/tv/TournamentPublicView.tsx
FN:15,TournamentPublicView
FNF:1
FNH:0
FNDA:0,TournamentPublicView
DA:16,0
DA:17,0
DA:19,0
DA:20,0
DA:27,0
DA:28,0
DA:31,0
DA:40,0
DA:42,0
LF:9
LH:0
BRDA:19,0,0,0
BRDA:19,0,1,0
BRDA:27,1,0,0
BRDA:27,1,1,0
BRDA:27,2,0,0
BRDA:27,2,1,0
BRDA:28,3,0,0
BRDA:28,3,1,0
BRDA:40,4,0,0
BRDA:40,4,1,0
BRF:10
BRH:0
end_of_record
TN:
SF:src/features/tv/useBracketData.ts
FN:19,useBracketData
FN:25,(anonymous_1)
FN:50,(anonymous_2)
FN:55,(anonymous_3)
FNF:4
FNH:0
FNDA:0,useBracketData
FNDA:0,(anonymous_1)
FNDA:0,(anonymous_2)
FNDA:0,(anonymous_3)
DA:9,0
DA:10,0
DA:20,0
DA:21,0
DA:22,0
DA:23,0
DA:25,0
DA:26,0
DA:27,0
DA:30,0
DA:31,0
DA:33,0
DA:34,0
DA:35,0
DA:37,0
DA:46,0
DA:50,0
DA:51,0
DA:52,0
DA:54,0
DA:55,0
DA:56,0
DA:60,0
LF:23
LH:0
BRDA:10,0,0,0
BRDA:10,0,1,0
BRDA:30,1,0,0
BRDA:30,1,1,0
BRDA:56,2,0,0
BRDA:56,2,1,0
BRF:6
BRH:0
end_of_record
TN:
SF:src/features/tv/components/Bracket.tsx
FN:9,Bracket
FN:17,(anonymous_1)
FNF:2
FNH:0
FNDA:0,Bracket
FNDA:0,(anonymous_1)
DA:10,0
DA:18,0
LF:2
LH:0
BRF:0
BRH:0
end_of_record
TN:
SF:src/features/tv/components/BracketRound.tsx
FN:10,BracketRound
FN:19,(anonymous_1)
FN:22,(anonymous_2)
FN:31,(anonymous_3)
FNF:4
FNH:0
FNDA:0,BracketRound
FNDA:0,(anonymous_1)
FNDA:0,(anonymous_2)
FNDA:0,(anonymous_3)
DA:15,0
DA:17,0
DA:19,0
DA:20,0
DA:21,0
DA:22,0
DA:26,0
DA:32,0
LF:8
LH:0
BRDA:22,0,0,0
BRDA:22,0,1,0
BRDA:37,1,0,0
BRDA:37,1,1,0
BRDA:33,2,0,0
BRDA:33,2,1,0
BRF:6
BRH:0
end_of_record
TN:
SF:src/features/tv/components/ChampionBanner.tsx
FN:9,ChampionBanner
FNF:1
FNH:0
FNDA:0,ChampionBanner
DA:10,0
LF:1
LH:0
BRDA:19,0,0,0
BRDA:19,0,1,0
BRDA:25,1,0,0
BRDA:25,1,1,0
BRDA:31,2,0,0
BRDA:31,2,1,0
BRDA:35,3,0,0
BRDA:35,3,1,0
BRDA:39,4,0,0
BRDA:39,4,1,0
BRDA:43,5,0,0
BRDA:43,5,1,0
BRDA:51,6,0,0
BRDA:51,6,1,0
BRDA:51,6,2,0
BRDA:51,6,3,0
BRDA:66,7,0,0
BRDA:66,7,1,0
BRDA:71,8,0,0
BRDA:71,8,1,0
BRF:20
BRH:0
end_of_record
TN:
SF:src/features/tv/components/MatchCard.tsx
FN:7,MatchCard
FN:67,PlayerSlot
FNF:2
FNH:0
FNDA:0,MatchCard
FNDA:0,PlayerSlot
DA:8,0
DA:9,0
DA:18,0
DA:19,0
DA:28,0
DA:29,0
DA:31,0
DA:68,0
DA:69,0
DA:72,0
DA:82,0
LF:11
LH:0
BRDA:8,0,0,0
BRDA:8,0,1,0
BRDA:18,1,0,0
BRDA:18,1,1,0
BRDA:29,2,0,0
BRDA:29,2,1,0
BRDA:35,3,0,0
BRDA:35,3,1,0
BRDA:43,4,0,0
BRDA:43,4,1,0
BRDA:44,5,0,0
BRDA:44,5,1,0
BRDA:51,6,0,0
BRDA:51,6,1,0
BRDA:52,7,0,0
BRDA:52,7,1,0
BRDA:67,8,0,0
BRDA:68,9,0,0
BRDA:68,9,1,0
BRDA:74,10,0,0
BRDA:74,10,1,0
BRDA:76,11,0,0
BRDA:76,11,1,0
BRDA:77,12,0,0
BRDA:77,12,1,0
BRDA:77,12,2,0
BRDA:84,13,0,0
BRDA:84,13,1,0
BRDA:85,14,0,0
BRDA:85,14,1,0
BRDA:92,15,0,0
BRDA:92,15,1,0
BRDA:92,15,2,0
BRDA:93,16,0,0
BRDA:93,16,1,0
BRF:35
BRH:0
end_of_record
TN:
SF:src/features/tv/components/MobileRound.tsx
FN:9,MobileRound
FN:14,(anonymous_1)
FN:17,(anonymous_2)
FN:27,(anonymous_3)
FNF:4
FNH:0
FNDA:0,MobileRound
FNDA:0,(anonymous_1)
FNDA:0,(anonymous_2)
FNDA:0,(anonymous_3)
DA:10,0
DA:12,0
DA:14,0
DA:15,0
DA:16,0
DA:17,0
DA:21,0
DA:28,0
LF:8
LH:0
BRDA:17,0,0,0
BRDA:17,0,1,0
BRDA:29,1,0,0
BRDA:29,1,1,0
BRF:4
BRH:0
end_of_record
TN:
SF:src/features/tv/components/TournamentStats.tsx
FN:7,TournamentStats
FN:91,StatCard
FNF:2
FNH:0
FNDA:0,TournamentStats
FNDA:0,StatCard
DA:8,0
DA:92,0
LF:2
LH:0
BRDA:25,0,0,0
BRDA:25,0,1,0
BRDA:27,1,0,0
BRDA:27,1,1,0
BRDA:35,2,0,0
BRDA:35,2,1,0
BRDA:41,3,0,0
BRDA:41,3,1,0
BRDA:45,4,0,0
BRDA:45,4,1,0
BRDA:49,5,0,0
BRDA:49,5,1,0
BRDA:53,6,0,0
BRDA:53,6,1,0
BRDA:60,7,0,0
BRDA:60,7,1,0
BRDA:74,8,0,0
BRDA:74,8,1,0
BRF:18
BRH:0
end_of_record
TN:
SF:src/features/tv/components/WaitingState.tsx
FN:6,WaitingState
FNF:1
FNH:0
FNDA:0,WaitingState
DA:8,0
DA:12,0
LF:2
LH:0
BRDA:8,0,0,0
BRDA:8,0,1,0
BRF:2
BRH:0
end_of_record
TN:
SF:src/features/tv/layouts/MobileLayout.tsx
FN:11,MobileLayout
FN:19,(anonymous_1)
FN:22,fetchStats
FN:65,(anonymous_3)
FN:78,deriveRunnerUp
FNF:5
FNH:0
FNDA:0,MobileLayout
FNDA:0,(anonymous_1)
FNDA:0,fetchStats
FNDA:0,(anonymous_3)
FNDA:0,deriveRunnerUp
DA:12,0
DA:13,0
DA:16,0
DA:17,0
DA:19,0
DA:20,0
DA:23,0
DA:24,0
DA:27,0
DA:28,0
DA:29,0
DA:36,0
DA:39,0
DA:43,0
DA:66,0
DA:79,0
DA:80,0
DA:81,0
DA:82,0
DA:83,0
DA:84,0
LF:21
LH:0
BRDA:16,0,0,0
BRDA:16,0,1,0
BRDA:20,1,0,0
BRDA:20,1,1,0
BRDA:25,2,0,0
BRDA:25,2,1,0
BRDA:25,3,0,0
BRDA:25,3,1,0
BRDA:27,4,0,0
BRDA:27,4,1,0
BRDA:39,5,0,0
BRDA:39,5,1,0
BRDA:39,6,0,0
BRDA:39,6,1,0
BRDA:49,7,0,0
BRDA:49,7,1,0
BRDA:49,7,2,0
BRDA:58,8,0,0
BRDA:58,8,1,0
BRDA:79,9,0,0
BRDA:79,9,1,0
BRDA:81,10,0,0
BRDA:81,10,1,0
BRDA:81,11,0,0
BRDA:81,11,1,0
BRDA:83,12,0,0
BRDA:83,12,1,0
BRDA:83,13,0,0
BRDA:83,13,1,0
BRDA:84,14,0,0
BRDA:84,14,1,0
BRF:31
BRH:0
end_of_record
TN:
SF:src/features/tv/layouts/TvLayout.tsx
FN:11,TvLayout
FN:19,(anonymous_1)
FN:22,fetchStats
FN:70,deriveRunnerUp
FNF:4
FNH:0
FNDA:0,TvLayout
FNDA:0,(anonymous_1)
FNDA:0,fetchStats
FNDA:0,deriveRunnerUp
DA:12,0
DA:13,0
DA:16,0
DA:17,0
DA:19,0
DA:20,0
DA:23,0
DA:24,0
DA:27,0
DA:28,0
DA:29,0
DA:36,0
DA:39,0
DA:43,0
DA:71,0
DA:72,0
DA:73,0
DA:74,0
DA:75,0
DA:76,0
LF:20
LH:0
BRDA:16,0,0,0
BRDA:16,0,1,0
BRDA:20,1,0,0
BRDA:20,1,1,0
BRDA:25,2,0,0
BRDA:25,2,1,0
BRDA:25,3,0,0
BRDA:25,3,1,0
BRDA:27,4,0,0
BRDA:27,4,1,0
BRDA:39,5,0,0
BRDA:39,5,1,0
BRDA:39,6,0,0
BRDA:39,6,1,0
BRDA:49,7,0,0
BRDA:49,7,1,0
BRDA:49,7,2,0
BRDA:58,8,0,0
BRDA:58,8,1,0
BRDA:71,9,0,0
BRDA:71,9,1,0
BRDA:73,10,0,0
BRDA:73,10,1,0
BRDA:73,11,0,0
BRDA:73,11,1,0
BRDA:75,12,0,0
BRDA:75,12,1,0
BRDA:75,13,0,0
BRDA:75,13,1,0
BRDA:76,14,0,0
BRDA:76,14,1,0
BRF:31
BRH:0
end_of_record
TN:
SF:src/shared/GuidedErrorCard.tsx
FN:10,GuidedErrorCard
FNF:1
FNH:1
FNDA:2,GuidedErrorCard
DA:15,2
LF:1
LH:1
BRDA:13,0,0,2
BRDA:24,1,0,2
BRDA:24,1,1,0
BRDA:26,2,0,0
BRDA:26,2,1,2
BRDA:31,3,0,0
BRDA:31,3,1,0
BRDA:33,4,0,2
BRDA:33,4,1,0
BRDA:39,5,0,2
BRDA:39,5,1,2
BRF:11
BRH:6
end_of_record
TN:
SF:src/shared/OnboardingHint.tsx
FN:8,OnboardingHint
FN:18,(anonymous_1)
FNF:2
FNH:2
FNDA:4,OnboardingHint
FNDA:1,(anonymous_1)
DA:9,4
DA:11,4
DA:13,3
DA:18,1
LF:4
LH:4
BRDA:11,0,0,1
BRDA:11,0,1,3
BRF:2
BRH:2
end_of_record
TN:
SF:src/shared/OnboardingToast.tsx
FN:3,OnboardingToast
FNF:1
FNH:1
FNDA:4,OnboardingToast
DA:4,4
DA:6,4
DA:8,3
LF:3
LH:3
BRDA:6,0,0,1
BRDA:6,0,1,3
BRF:2
BRH:2
end_of_record
TN:
SF:src/shared/api.ts
FN:7,getApiUrl
FN:15,(anonymous_1)
FN:33,buildHttpResponseError
FN:50,normalizeApiError
FN:92,apiFetch
FNF:5
FNH:0
FNDA:0,getApiUrl
FNDA:0,(anonymous_1)
FNDA:0,buildHttpResponseError
FNDA:0,normalizeApiError
FNDA:0,apiFetch
DA:2,1
DA:8,0
DA:19,0
DA:20,0
DA:21,0
DA:22,0
DA:36,0
DA:38,0
DA:39,0
DA:40,0
DA:41,0
DA:47,0
DA:51,0
DA:52,0
DA:60,0
DA:61,0
DA:69,0
DA:70,0
DA:72,0
DA:76,0
DA:84,0
DA:96,0
DA:98,0
DA:103,0
DA:104,0
DA:107,0
DA:112,0
DA:113,0
DA:114,0
DA:115,0
DA:116,0
DA:119,0
LF:32
LH:1
BRDA:2,0,0,1
BRDA:2,0,1,1
BRDA:3,1,0,1
BRDA:3,1,1,0
BRDA:19,2,0,0
BRDA:19,2,1,0
BRDA:40,3,0,0
BRDA:40,3,1,0
BRDA:40,4,0,0
BRDA:40,4,1,0
BRDA:51,5,0,0
BRDA:51,5,1,0
BRDA:60,6,0,0
BRDA:60,6,1,0
BRDA:69,7,0,0
BRDA:69,7,1,0
BRDA:72,8,0,0
BRDA:72,8,1,0
BRDA:72,8,2,0
BRDA:72,8,3,0
BRDA:94,9,0,0
BRDA:100,10,0,0
BRDA:100,10,1,0
BRDA:103,11,0,0
BRDA:103,11,1,0
BRDA:112,12,0,0
BRDA:112,12,1,0
BRF:27
BRH:3
end_of_record
TN:
SF:src/shared/logger.ts
FN:3,logClientError
FN:13,(anonymous_1)
FNF:2
FNH:1
FNDA:5,logClientError
FNDA:0,(anonymous_1)
DA:8,5
DA:9,5
LF:2
LH:2
BRF:0
BRH:0
end_of_record
TN:
SF:src/shared/qrcode.ts
FN:3,generateQRSvg
FN:12,generateQRDataUrl
FN:24,downloadDataUrl
FNF:3
FNH:3
FNDA:5,generateQRSvg
FNDA:5,generateQRDataUrl
FNDA:2,downloadDataUrl
DA:4,5
DA:16,5
DA:25,2
DA:26,2
DA:27,2
DA:28,2
DA:29,2
DA:30,2
LF:8
LH:8
BRDA:14,0,0,5
BRF:1
BRH:1
end_of_record
TN:
SF:src/shared/systemErrors.ts
FN:18,normalizeText
FN:25,withHelper
FN:36,isConnectionErrorMessage
FN:40,isRetryableErrorMessage
FN:44,formatGuidedSystemError
FN:46,(anonymous_5)
FN:50,parseGuidedSystemErrorText
FN:53,(anonymous_7)
FN:54,(anonymous_8)
FN:99,resolveGuidedSystemError
FN:211,getRemainingPercentageMessage
FNF:11
FNH:3
FNDA:5,normalizeText
FNDA:5,withHelper
FNDA:0,isConnectionErrorMessage
FNDA:0,isRetryableErrorMessage
FNDA:0,formatGuidedSystemError
FNDA:0,(anonymous_5)
FNDA:0,parseGuidedSystemErrorText
FNDA:0,(anonymous_7)
FNDA:0,(anonymous_8)
FNDA:5,resolveGuidedSystemError
FNDA:0,getRemainingPercentageMessage
DA:16,2
DA:19,5
DA:29,5
DA:30,0
DA:37,0
DA:41,0
DA:45,0
DA:46,0
DA:51,0
DA:53,0
DA:54,0
DA:56,0
DA:58,0
DA:59,0
DA:69,0
DA:70,0
DA:81,0
DA:82,0
DA:85,0
DA:86,0
DA:96,0
DA:104,5
DA:105,5
DA:106,5
DA:108,5
DA:115,5
DA:122,5
DA:130,5
DA:138,5
DA:147,5
DA:154,5
DA:162,5
DA:168,5
DA:169,2
DA:172,3
DA:173,0
DA:177,3
DA:180,5
DA:181,0
DA:185,3
DA:192,5
DA:193,2
DA:196,1
DA:197,0
DA:200,1
DA:201,1
DA:204,0
DA:205,0
DA:208,0
DA:212,0
DA:213,0
DA:216,0
DA:217,0
DA:220,0
LF:54
LH:25
BRDA:29,0,0,5
BRDA:29,0,1,0
BRDA:41,1,0,0
BRDA:41,1,1,0
BRDA:45,2,0,0
BRDA:45,2,1,0
BRDA:56,3,0,0
BRDA:56,4,0,0
BRDA:56,5,0,0
BRDA:58,6,0,0
BRDA:58,6,1,0
BRDA:69,7,0,0
BRDA:69,7,1,0
BRDA:81,8,0,0
BRDA:81,8,1,0
BRDA:85,9,0,0
BRDA:85,9,1,0
BRDA:104,10,0,5
BRDA:104,11,0,5
BRDA:106,12,0,5
BRDA:106,12,1,5
BRDA:106,12,2,0
BRDA:162,13,0,5
BRDA:162,13,1,5
BRDA:162,13,2,5
BRDA:162,13,3,5
BRDA:162,13,4,0
BRDA:162,13,5,5
BRDA:168,14,0,2
BRDA:168,14,1,3
BRDA:172,15,0,0
BRDA:172,15,1,3
BRDA:172,16,0,3
BRDA:172,16,1,3
BRDA:177,17,0,3
BRDA:177,17,1,3
BRDA:180,18,0,0
BRDA:180,18,1,5
BRDA:180,19,0,5
BRDA:180,19,1,3
BRDA:185,20,0,3
BRDA:185,20,1,1
BRDA:185,20,2,0
BRDA:185,20,3,0
BRDA:185,20,4,0
BRDA:185,20,5,0
BRDA:192,21,0,2
BRDA:192,21,1,3
BRDA:196,22,0,0
BRDA:196,22,1,1
BRDA:196,23,0,1
BRDA:196,23,1,0
BRDA:196,23,2,0
BRDA:200,24,0,1
BRDA:200,24,1,0
BRDA:200,25,0,1
BRDA:200,25,1,1
BRDA:204,26,0,0
BRDA:204,26,1,0
BRDA:204,27,0,0
BRDA:204,27,1,0
BRDA:212,28,0,0
BRDA:212,28,1,0
BRDA:216,29,0,0
BRDA:216,29,1,0
BRF:65
BRH:29
end_of_record
TN:
SF:src/shared/useOnboarding.ts
FN:21,storageKey
FN:25,loadState
FN:41,saveState
FN:45,useOnboarding
FN:49,(anonymous_4)
FN:64,(anonymous_5)
FN:69,(anonymous_6)
FN:74,(anonymous_7)
FN:75,(anonymous_8)
FN:76,(anonymous_9)
FN:83,(anonymous_10)
FN:85,(anonymous_11)
FN:89,(anonymous_12)
FN:92,(anonymous_13)
FN:100,(anonymous_14)
FN:101,(anonymous_15)
FN:105,(anonymous_16)
FN:109,(anonymous_17)
FN:110,(anonymous_18)
FN:119,(anonymous_19)
FN:125,(anonymous_20)
FN:132,(anonymous_21)
FN:139,(anonymous_22)
FN:140,(anonymous_23)
FNF:24
FNH:21
FNDA:69,storageKey
FNDA:38,loadState
FNDA:31,saveState
FNDA:35,useOnboarding
FNDA:19,(anonymous_4)
FNDA:31,(anonymous_5)
FNDA:19,(anonymous_6)
FNDA:0,(anonymous_7)
FNDA:0,(anonymous_8)
FNDA:0,(anonymous_9)
FNDA:24,(anonymous_10)
FNDA:25,(anonymous_11)
FNDA:19,(anonymous_12)
FNDA:1,(anonymous_13)
FNDA:3,(anonymous_14)
FNDA:3,(anonymous_15)
FNDA:5,(anonymous_16)
FNDA:1,(anonymous_17)
FNDA:1,(anonymous_18)
FNDA:6,(anonymous_19)
FNDA:3,(anonymous_20)
FNDA:1,(anonymous_21)
FNDA:5,(anonymous_22)
FNDA:5,(anonymous_23)
DA:12,1
DA:18,1
DA:19,1
DA:22,69
DA:26,38
DA:27,38
DA:28,38
DA:32,18
DA:42,31
DA:46,35
DA:47,35
DA:49,35
DA:50,19
DA:59,35
DA:60,35
DA:61,35
DA:64,35
DA:65,31
DA:69,35
DA:70,19
DA:71,19
DA:72,19
DA:73,0
DA:74,0
DA:75,0
DA:76,0
DA:81,35
DA:83,35
DA:84,24
DA:85,19
DA:86,25
DA:87,25
DA:89,19
DA:92,35
DA:93,1
DA:94,1
DA:97,35
DA:98,35
DA:100,35
DA:101,3
DA:104,35
DA:105,5
DA:109,35
DA:110,1
DA:118,35
DA:120,6
DA:121,5
DA:122,4
DA:123,4
DA:125,3
DA:131,3
DA:132,3
DA:134,3
DA:139,35
DA:140,5
DA:143,35
LF:56
LH:52
BRDA:28,0,0,20
BRDA:28,0,1,18
BRDA:47,1,0,35
BRDA:47,1,1,0
BRDA:50,2,0,19
BRDA:50,2,1,0
BRDA:65,3,0,31
BRDA:65,3,1,0
BRDA:70,4,0,0
BRDA:70,4,1,19
BRDA:72,5,0,0
BRDA:72,5,1,19
BRDA:72,6,0,19
BRDA:72,6,1,0
BRDA:84,7,0,5
BRDA:84,7,1,19
BRDA:98,8,0,35
BRDA:98,8,1,8
BRDA:98,8,2,4
BRDA:105,9,0,5
BRDA:105,9,1,4
BRDA:112,10,0,0
BRDA:112,10,1,1
BRDA:120,11,0,1
BRDA:120,11,1,5
BRDA:121,12,0,1
BRDA:121,12,1,4
BRDA:123,13,0,1
BRDA:123,13,1,3
BRF:29
BRH:22
end_of_record
