{"total": {"lines":{"total":78,"covered":78,"skipped":0,"pct":100},"statements":{"total":83,"covered":83,"skipped":0,"pct":100},"functions":{"total":15,"covered":15,"skipped":0,"pct":100},"branches":{"total":74,"covered":71,"skipped":0,"pct":95.94},"branchesTrue":{"total":0,"covered":0,"skipped":0,"pct":100}}
,"/Users/fellipecouto/Projects/Jogo-Limpo-/backend/src/modules/public-profile/public-profile.service.ts": {"lines":{"total":24,"covered":24,"skipped":0,"pct":100},"functions":{"total":3,"covered":3,"skipped":0,"pct":100},"statements":{"total":26,"covered":26,"skipped":0,"pct":100},"branches":{"total":48,"covered":45,"skipped":0,"pct":93.75}}
,"/Users/fellipecouto/Projects/Jogo-Limpo-/backend/src/modules/settings/settings.service.ts": {"lines":{"total":13,"covered":13,"skipped":0,"pct":100},"functions":{"total":3,"covered":3,"skipped":0,"pct":100},"statements":{"total":13,"covered":13,"skipped":0,"pct":100},"branches":{"total":14,"covered":14,"skipped":0,"pct":100}}
,"/Users/fellipecouto/Projects/Jogo-Limpo-/backend/src/modules/tournament/financials.ts": {"lines":{"total":15,"covered":15,"skipped":0,"pct":100},"functions":{"total":2,"covered":2,"skipped":0,"pct":100},"statements":{"total":15,"covered":15,"skipped":0,"pct":100},"branches":{"total":10,"covered":10,"skipped":0,"pct":100}}
,"/Users/fellipecouto/Projects/Jogo-Limpo-/backend/src/shared/utils/prng.ts": {"lines":{"total":16,"covered":16,"skipped":0,"pct":100},"functions":{"total":4,"covered":4,"skipped":0,"pct":100},"statements":{"total":18,"covered":18,"skipped":0,"pct":100},"branches":{"total":0,"covered":0,"skipped":0,"pct":100}}
,"/Users/fellipecouto/Projects/Jogo-Limpo-/backend/src/utils/slug.ts": {"lines":{"total":10,"covered":10,"skipped":0,"pct":100},"functions":{"total":3,"covered":3,"skipped":0,"pct":100},"statements":{"total":11,"covered":11,"skipped":0,"pct":100},"branches":{"total":2,"covered":2,"skipped":0,"pct":100}}
}
