TN:
SF:src/modules/public-profile/public-profile.service.ts
FN:39,getPublicProfile
FN:75,(anonymous_1)
FN:102,getPublicTournamentDetail
FNF:3
FNH:3
FNDA:10,getPublicProfile
FNDA:2,(anonymous_1)
FNDA:11,getPublicTournamentDetail
DA:42,10
DA:69,10
DA:70,2
DA:73,8
DA:76,2
DA:77,2
DA:78,2
DA:79,2
DA:82,2
DA:106,11
DA:115,11
DA:116,2
DA:119,9
DA:137,9
DA:138,2
DA:141,7
DA:142,2
DA:145,5
DA:146,5
DA:147,5
DA:148,5
DA:151,5
DA:152,5
DA:154,5
LF:24
LH:24
BRDA:69,0,0,2
BRDA:69,0,1,8
BRDA:69,1,0,10
BRDA:69,1,1,9
BRDA:79,2,0,2
BRDA:79,2,1,0
BRDA:87,3,0,2
BRDA:87,3,1,0
BRDA:88,4,0,2
BRDA:88,4,1,2
BRDA:90,5,0,2
BRDA:90,5,1,2
BRDA:91,6,0,1
BRDA:91,6,1,1
BRDA:91,7,0,2
BRDA:91,7,1,1
BRDA:94,8,0,1
BRDA:94,8,1,1
BRDA:94,9,0,2
BRDA:94,9,1,1
BRDA:115,10,0,2
BRDA:115,10,1,9
BRDA:115,11,0,11
BRDA:115,11,1,10
BRDA:137,12,0,2
BRDA:137,12,1,7
BRDA:137,13,0,9
BRDA:137,13,1,8
BRDA:141,14,0,2
BRDA:141,14,1,5
BRDA:141,15,0,7
BRDA:141,15,1,3
BRDA:148,16,0,5
BRDA:148,16,1,0
BRDA:159,17,0,5
BRDA:159,17,1,5
BRDA:160,18,0,11
BRDA:160,18,1,5
BRDA:162,19,0,11
BRDA:162,19,1,4
BRDA:163,20,0,1
BRDA:163,20,1,4
BRDA:163,21,0,11
BRDA:163,21,1,1
BRDA:166,22,0,1
BRDA:166,22,1,4
BRDA:166,23,0,11
BRDA:166,23,1,1
BRF:48
BRH:45
end_of_record
TN:
SF:src/modules/settings/settings.service.ts
FN:16,getSettings
FN:28,updateSettings
FN:72,(anonymous_2)
FNF:3
FNH:3
FNDA:1,getSettings
FNDA:13,updateSettings
FNDA:11,(anonymous_2)
DA:17,1
DA:25,1
DA:32,13
DA:33,12
DA:34,10
DA:40,2
DA:45,2
DA:46,1
DA:50,2
DA:68,2
DA:74,11
DA:76,11
DA:77,11
LF:13
LH:13
BRDA:32,0,0,12
BRDA:32,0,1,1
BRDA:33,1,0,10
BRDA:33,1,1,2
BRDA:45,2,0,1
BRDA:45,2,1,1
BRDA:45,3,0,2
BRDA:45,3,1,2
BRDA:53,4,0,2
BRDA:53,4,1,1
BRDA:54,5,0,13
BRDA:54,5,1,1
BRDA:57,6,0,13
BRDA:57,6,1,1
BRF:14
BRH:14
end_of_record
TN:
SF:src/modules/tournament/financials.ts
FN:25,roundCurrency
FN:29,calculateFinancials
FNF:2
FNH:2
FNDA:112,roundCurrency
FNDA:16,calculateFinancials
DA:26,112
DA:40,16
DA:42,16
DA:43,16
DA:44,16
DA:45,16
DA:47,16
DA:48,16
DA:49,16
DA:50,16
DA:51,16
DA:52,16
DA:53,16
DA:54,16
DA:56,16
LF:15
LH:15
BRDA:42,0,0,16
BRDA:42,0,1,2
BRDA:42,0,2,1
BRDA:43,1,0,16
BRDA:43,1,1,2
BRDA:43,1,2,1
BRDA:44,2,0,16
BRDA:44,2,1,13
BRDA:45,3,0,16
BRDA:45,3,1,15
BRF:10
BRH:10
end_of_record
TN:
SF:src/shared/utils/prng.ts
FN:5,mulberry32
FN:6,(anonymous_1)
FN:18,seedToNumber
FN:30,deterministicShuffle
FNF:4
FNH:4
FNDA:1114,mulberry32
FNDA:7697,(anonymous_1)
FNDA:1114,seedToNumber
FNDA:1114,deterministicShuffle
DA:6,1114
DA:7,7697
DA:8,7697
DA:9,7697
DA:10,7697
DA:11,7697
DA:19,1114
DA:20,1114
DA:21,18718
DA:23,1114
DA:31,1114
DA:32,1114
DA:34,1114
DA:35,7697
DA:36,7697
DA:39,1114
LF:16
LH:16
BRF:0
BRH:0
end_of_record
TN:
SF:src/utils/slug.ts
FN:1,generateSlug
FN:15,randomAlphanumeric
FN:26,isValidSlug
FNF:3
FNH:3
FNDA:17,generateSlug
FNDA:17,randomAlphanumeric
FNDA:29,isValidSlug
DA:2,17
DA:11,17
DA:12,17
DA:16,17
DA:17,17
DA:18,17
DA:19,68
DA:21,17
DA:24,2
DA:27,29
LF:10
LH:10
BRDA:27,0,0,29
BRDA:27,0,1,7
BRF:2
BRH:2
end_of_record
